!ENTRY org.jkiss.dbeaver.model 1 45 2025-08-27 13:09:53.360
!MESSAGE SELECT
	full_name
FROM
	nsss_suppliers
!SUBENTRY 1 org.jkiss.dbeaver.model 1 0 2025-08-27 13:09:53.364
!MESSAGE SUCCESS [-1]

!ENTRY org.jkiss.dbeaver.model 1 61 2025-08-27 13:10:10.927
!MESSAGE SELECT
	COUNT(full_name)
FROM
	nsss_suppliers
!SUBENTRY 1 org.jkiss.dbeaver.model 1 0 2025-08-27 13:10:10.956
!MESSAGE SUCCESS [-1]

!ENTRY org.jkiss.dbeaver.model 1 63 2025-08-27 13:10:24.064
!MESSAGE SELECT
	COUNT(full_name)
FROM
	nsss_suppliers
GROUP BY 
	full_name
!SUBENTRY 1 org.jkiss.dbeaver.model 1 0 2025-08-27 13:10:24.065
!MESSAGE SUCCESS [-1]

!ENTRY org.jkiss.dbeaver.model 1 65 2025-08-27 13:10:30.792
!MESSAGE SELECT
	COUNT(full_name)
FROM
	nsss_suppliers
GROUP BY 
	full_name 
!SUBENTRY 1 org.jkiss.dbeaver.model 1 0 2025-08-27 13:10:30.810
!MESSAGE SUCCESS [-1]

!ENTRY org.jkiss.dbeaver.model 1 67 2025-08-27 13:10:43.281
!MESSAGE SELECT
	COUNT(full_name)
FROM
	nsss_suppliers
GROUP BY 
	supplier_code
!SUBENTRY 1 org.jkiss.dbeaver.model 1 0 2025-08-27 13:10:43.324
!MESSAGE SUCCESS [-1]

!ENTRY org.jkiss.dbeaver.model 1 69 2025-08-27 13:10:44.102
!MESSAGE SELECT
	COUNT(full_name)
FROM
	nsss_suppliers
GROUP BY 
	supplier_code code
!SUBENTRY 1 org.jkiss.dbeaver.model 4 0 2025-08-27 13:10:44.109
!MESSAGE ERROR: syntax error at or near "code"
  Position: 77

!ENTRY org.jkiss.dbeaver.model 1 71 2025-08-27 13:10:44.512
!MESSAGE SELECT
	COUNT(full_name)
FROM
	nsss_suppliers
GROUP BY 
	supplier_code code
!SUBENTRY 1 org.jkiss.dbeaver.model 4 0 2025-08-27 13:10:44.512
!MESSAGE ERROR: syntax error at or near "code"
  Position: 77

!ENTRY org.jkiss.dbeaver.model 1 73 2025-08-27 13:10:44.762
!MESSAGE SELECT
	COUNT(full_name)
FROM
	nsss_suppliers
GROUP BY 
	supplier_code code
!SUBENTRY 1 org.jkiss.dbeaver.model 4 0 2025-08-27 13:10:44.762
!MESSAGE ERROR: syntax error at or near "code"
  Position: 77

!ENTRY org.jkiss.dbeaver.model 1 75 2025-08-27 13:10:51.054
!MESSAGE SELECT
	COUNT(full_name)
FROM
	nsss_suppliers
GROUP BY 
	supplier_code 
!SUBENTRY 1 org.jkiss.dbeaver.model 1 0 2025-08-27 13:10:51.055
!MESSAGE SUCCESS [-1]

!ENTRY org.jkiss.dbeaver.model 1 77 2025-08-27 13:11:03.993
!MESSAGE SELECT
	COUNT(full_name),
	supplier_code 
FROM
	nsss_suppliers
GROUP BY 
	supplier_code 
!SUBENTRY 1 org.jkiss.dbeaver.model 1 0 2025-08-27 13:11:04.010
!MESSAGE SUCCESS [-1]

!ENTRY org.jkiss.dbeaver.model 1 79 2025-08-27 13:11:20.550
!MESSAGE SELECT
	COUNT(DISTINCT full_name),
	supplier_code 
FROM
	nsss_suppliers
GROUP BY 
	supplier_code 
!SUBENTRY 1 org.jkiss.dbeaver.model 1 0 2025-08-27 13:11:20.565
!MESSAGE SUCCESS [-1]

!ENTRY org.jkiss.dbeaver.model 1 83 2025-08-27 13:11:36.302
!MESSAGE SELECT ns.* FROM public.nsss_suppliers AS ns
!SUBENTRY 1 org.jkiss.dbeaver.model 1 0 2025-08-27 13:11:36.305
!MESSAGE SUCCESS [-1]

!ENTRY org.jkiss.dbeaver.model 1 87 2025-08-27 13:11:43.358
!MESSAGE SELECT or2.* FROM public.operational_reactors AS or2
!SUBENTRY 1 org.jkiss.dbeaver.model 1 0 2025-08-27 13:11:43.364
!MESSAGE SUCCESS [-1]

!ENTRY org.jkiss.dbeaver.model 1 111 2025-08-27 13:12:24.361
!MESSAGE SELECT o.* FROM public.operators AS o
!SUBENTRY 1 org.jkiss.dbeaver.model 1 0 2025-08-27 13:12:24.367
!MESSAGE SUCCESS [-1]

!ENTRY org.jkiss.dbeaver.model 1 159 2025-08-27 13:13:16.844
!MESSAGE SELECT
	reactor_name,
	operator_id
FROM
	operational_reactors
!SUBENTRY 1 org.jkiss.dbeaver.model 1 0 2025-08-27 13:13:16.876
!MESSAGE SUCCESS [-1]

!ENTRY org.jkiss.dbeaver.model 1 161 2025-08-27 13:13:23.682
!MESSAGE SELECT
	reactor_name,
	operator_id
FROM
	operational_reactors
!SUBENTRY 1 org.jkiss.dbeaver.model 1 0 2025-08-27 13:13:23.703
!MESSAGE SUCCESS [-1]

!ENTRY org.jkiss.dbeaver.model 1 251 2025-08-27 13:15:41.455
!MESSAGE SELECT or2.* FROM public.operational_reactors AS or2
!SUBENTRY 1 org.jkiss.dbeaver.model 1 0 2025-08-27 13:15:41.505
!MESSAGE SUCCESS [-1]

!ENTRY org.jkiss.dbeaver.model 1 253 2025-08-27 13:15:43.819
!MESSAGE SELECT or2.* FROM public.operational_reactors AS or2
!SUBENTRY 1 org.jkiss.dbeaver.model 1 0 2025-08-27 13:15:43.855
!MESSAGE SUCCESS [-1]

!ENTRY org.jkiss.dbeaver.model 1 255 2025-08-27 13:16:33.757
!MESSAGE SELECT
	onr.reactor_name,
	onr.operator_id,
	o.full_name
FROM
	operational_reactors AS onr
LEFT JOIN
	operators AS o ON onr.operator_id = o.operator_id
!SUBENTRY 1 org.jkiss.dbeaver.model 4 0 2025-08-27 13:16:33.759
!MESSAGE ERROR: column o.operator_id does not exist
  Hint: Perhaps you meant to reference the column "onr.operator_id".
  Position: 146

!ENTRY org.jkiss.dbeaver.model 1 257 2025-08-27 13:17:06.425
!MESSAGE SELECT
	onr.reactor_name,
	onr.operator_id,
	o.full_name
FROM
	operational_reactors AS onr
LEFT JOIN
	operators AS o ON onr.operator_id = o.operator_id 
!SUBENTRY 1 org.jkiss.dbeaver.model 4 0 2025-08-27 13:17:06.425
!MESSAGE ERROR: column o.operator_id does not exist
  Hint: Perhaps you meant to reference the column "onr.operator_id".
  Position: 146

!ENTRY org.jkiss.dbeaver.model 1 1391 2025-08-27 13:18:00.514
!MESSAGE SELECT rt.* FROM public.reactor_types AS rt
!SUBENTRY 1 org.jkiss.dbeaver.model 1 0 2025-08-27 13:18:00.519
!MESSAGE SUCCESS [-1]

!ENTRY org.jkiss.dbeaver.model 1 1395 2025-08-27 13:19:06.399
!MESSAGE SELECT
	onr.reactor_name,
	onr.operator_id,
	o.full_name
FROM
	operational_reactors AS onr
LEFT JOIN
	operators AS o ON onr.operator_id = o.id 
!SUBENTRY 1 org.jkiss.dbeaver.model 1 0 2025-08-27 13:19:06.479
!MESSAGE SUCCESS [-1]

!ENTRY org.jkiss.dbeaver.model 1 1397 2025-08-27 13:19:20.902
!MESSAGE SELECT
	onr.reactor_name,
	onr.operator_id,
	o.full_name
FROM
	operational_reactors AS onr
JOIN
	operators AS o ON onr.operator_id = o.id 
!SUBENTRY 1 org.jkiss.dbeaver.model 1 0 2025-08-27 13:19:20.918
!MESSAGE SUCCESS [-1]

!ENTRY org.jkiss.dbeaver.model 1 1399 2025-08-27 13:19:25.001
!MESSAGE SELECT
	onr.reactor_name,
	onr.operator_id,
	o.full_name
FROM
	operational_reactors AS onr
JOIN
	operators AS o ON onr.operator_id = o.id 
!SUBENTRY 1 org.jkiss.dbeaver.model 1 0 2025-08-27 13:19:25.022
!MESSAGE SUCCESS [-1]

!ENTRY org.jkiss.dbeaver.model 1 1401 2025-08-27 13:19:26.231
!MESSAGE SELECT
	onr.reactor_name,
	onr.operator_id,
	o.full_name
FROM
	operational_reactors AS onr
JOIN
	operators AS o ON onr.operator_id = o.id 
!SUBENTRY 1 org.jkiss.dbeaver.model 1 0 2025-08-27 13:19:26.249
!MESSAGE SUCCESS [-1]

!ENTRY org.jkiss.dbeaver.model 1 1403 2025-08-27 13:19:31.924
!MESSAGE SELECT
	onr.reactor_name,
	onr.operator_id,
	o.full_name
FROM
	operational_reactors AS onr
LEFT JOIN
	operators AS o ON onr.operator_id = o.id 
!SUBENTRY 1 org.jkiss.dbeaver.model 1 0 2025-08-27 13:19:31.944
!MESSAGE SUCCESS [-1]

!ENTRY org.jkiss.dbeaver.model 1 1405 2025-08-27 13:19:31.989
!MESSAGE SELECT
	onr.reactor_name,
	onr.operator_id,
	o.full_name
FROM
	operational_reactors AS onr
LEFT JOIN
	operators AS o ON onr.operator_id = o.id 
!SUBENTRY 1 org.jkiss.dbeaver.model 1 0 2025-08-27 13:19:32.034
!MESSAGE SUCCESS [-1]

!ENTRY org.jkiss.dbeaver.model 1 1427 2025-08-27 13:19:34.275
!MESSAGE SELECT
	onr.reactor_name,
	onr.operator_id,
	o.full_name
FROM
	operational_reactors AS onr
LEFT JOIN
	operators AS o ON onr.operator_id = o.id 
!SUBENTRY 1 org.jkiss.dbeaver.model 1 0 2025-08-27 13:19:34.300
!MESSAGE SUCCESS [-1]

!ENTRY org.jkiss.dbeaver.model 1 1429 2025-08-27 13:20:19.105
!MESSAGE SELECT
	onr.reactor_name,
	onr.operator_id,
	COUNT(o.full_name)
FROM
	operational_reactors AS onr
LEFT JOIN
	operators AS o ON onr.operator_id = o.id 
GROUP BY 

!SUBENTRY 1 org.jkiss.dbeaver.model 4 0 2025-08-27 13:20:19.106
!MESSAGE ERROR: syntax error at end of input
  Position: 171

!ENTRY org.jkiss.dbeaver.model 1 1431 2025-08-27 13:20:40.694
!MESSAGE SELECT
	onr.reactor_name,
	onr.operator_id,
	COUNT(o.full_name)
FROM
	operational_reactors AS onr
LEFT JOIN
	operators AS o ON onr.operator_id = o.id 
GROUP BY 
	onr.reactor_name,
	onr.operator_id

!SUBENTRY 1 org.jkiss.dbeaver.model 1 0 2025-08-27 13:20:40.695
!MESSAGE SUCCESS [-1]

!ENTRY org.jkiss.dbeaver.model 1 1433 2025-08-27 13:20:50.290
!MESSAGE SELECT
	onr.reactor_name,
	onr.operator_id,
	COUNT(o.full_name)
FROM
	operational_reactors AS onr
LEFT JOIN
	operators AS o ON onr.operator_id = o.id 
GROUP BY 
	onr.reactor_name,
	onr.operator_id

!SUBENTRY 1 org.jkiss.dbeaver.model 1 0 2025-08-27 13:20:50.313
!MESSAGE SUCCESS [-1]

!ENTRY org.jkiss.dbeaver.model 1 1435 2025-08-27 13:20:51.612
!MESSAGE SELECT
	onr.reactor_name,
	onr.operator_id,
	COUNT(o.full_name)
FROM
	operational_reactors AS onr
LEFT JOIN
	operators AS o ON onr.operator_id = o.id 
GROUP BY 
	onr.reactor_name,
	onr.operator_id

!SUBENTRY 1 org.jkiss.dbeaver.model 1 0 2025-08-27 13:20:51.632
!MESSAGE SUCCESS [-1]

!ENTRY org.jkiss.dbeaver.model 1 1437 2025-08-27 13:21:25.278
!MESSAGE SELECT
	onr.reactor_name,
	COUNT(onr.operator_id),
	o.full_name
FROM
	operational_reactors AS onr
LEFT JOIN
	operators AS o ON onr.operator_id = o.id 
GROUP BY 
	o.full_name

!SUBENTRY 1 org.jkiss.dbeaver.model 4 0 2025-08-27 13:21:25.280
!MESSAGE ERROR: column "onr.reactor_name" must appear in the GROUP BY clause or be used in an aggregate function
  Position: 10

!ENTRY org.jkiss.dbeaver.model 1 1439 2025-08-27 13:21:38.738
!MESSAGE SELECT
	onr.reactor_name,
	COUNT(onr.operator_id),
	o.full_name
FROM
	operational_reactors AS onr
LEFT JOIN
	operators AS o ON onr.operator_id = o.id 
GROUP BY 
	o.full_name,
	onr.reactor_name

!SUBENTRY 1 org.jkiss.dbeaver.model 1 0 2025-08-27 13:21:38.825
!MESSAGE SUCCESS [-1]

!ENTRY org.jkiss.dbeaver.model 1 1441 2025-08-27 13:21:42.489
!MESSAGE SELECT
	onr.reactor_name,
	COUNT(onr.operator_id),
	o.full_name
FROM
	operational_reactors AS onr
LEFT JOIN
	operators AS o ON onr.operator_id = o.id 
GROUP BY 
	o.full_name,
	onr.reactor_name

!SUBENTRY 1 org.jkiss.dbeaver.model 1 0 2025-08-27 13:21:42.511
!MESSAGE SUCCESS [-1]

!ENTRY org.jkiss.dbeaver.model 1 1443 2025-08-27 13:21:43.883
!MESSAGE SELECT
	onr.reactor_name,
	COUNT(onr.operator_id),
	o.full_name
FROM
	operational_reactors AS onr
LEFT JOIN
	operators AS o ON onr.operator_id = o.id 
GROUP BY 
	o.full_name,
	onr.reactor_name

!SUBENTRY 1 org.jkiss.dbeaver.model 1 0 2025-08-27 13:21:43.900
!MESSAGE SUCCESS [-1]

!ENTRY org.jkiss.dbeaver.model 1 1445 2025-08-27 13:21:52.280
!MESSAGE SELECT
	onr.reactor_name,
	COUNT(DISTINCT onr.operator_id),
	o.full_name
FROM
	operational_reactors AS onr
LEFT JOIN
	operators AS o ON onr.operator_id = o.id 
GROUP BY 
	o.full_name,
	onr.reactor_name

!SUBENTRY 1 org.jkiss.dbeaver.model 1 0 2025-08-27 13:21:52.302
!MESSAGE SUCCESS [-1]

!ENTRY org.jkiss.dbeaver.model 1 1447 2025-08-27 13:21:52.346
!MESSAGE SELECT
	onr.reactor_name,
	COUNT(DISTINCT onr.operator_id),
	o.full_name
FROM
	operational_reactors AS onr
LEFT JOIN
	operators AS o ON onr.operator_id = o.id 
GROUP BY 
	o.full_name,
	onr.reactor_name

!SUBENTRY 1 org.jkiss.dbeaver.model 1 0 2025-08-27 13:21:52.348
!MESSAGE SUCCESS [-1]

!ENTRY org.jkiss.dbeaver.model 1 1449 2025-08-27 13:21:55.927
!MESSAGE SELECT
	onr.reactor_name,
	COUNT(DISTINCT onr.operator_id),
	o.full_name
FROM
	operational_reactors AS onr
LEFT JOIN
	operators AS o ON onr.operator_id = o.id 
GROUP BY 
	o.full_name,
	onr.reactor_name

!SUBENTRY 1 org.jkiss.dbeaver.model 1 0 2025-08-27 13:21:55.948
!MESSAGE SUCCESS [-1]

!ENTRY org.jkiss.dbeaver.model 1 1451 2025-08-27 13:22:16.425
!MESSAGE SELECT
	onr.reactor_name,
	COUNT(onr.operator_id),
	o.full_name
FROM
	operational_reactors AS onr
LEFT JOIN
	operators AS o ON onr.operator_id = o.id 
GROUP BY 
	o.full_name,
	onr.reactor_name

!SUBENTRY 1 org.jkiss.dbeaver.model 1 0 2025-08-27 13:22:16.445
!MESSAGE SUCCESS [-1]

!ENTRY org.jkiss.dbeaver.model 1 1453 2025-08-27 13:22:16.487
!MESSAGE SELECT
	onr.reactor_name,
	COUNT(onr.operator_id),
	o.full_name
FROM
	operational_reactors AS onr
LEFT JOIN
	operators AS o ON onr.operator_id = o.id 
GROUP BY 
	o.full_name,
	onr.reactor_name

!SUBENTRY 1 org.jkiss.dbeaver.model 1 0 2025-08-27 13:22:16.502
!MESSAGE SUCCESS [-1]

!ENTRY org.jkiss.dbeaver.model 1 1455 2025-08-27 13:22:30.498
!MESSAGE SELECT
	onr.reactor_name,
	COUNT(onr.operator_id),
	o.full_name
FROM
	operational_reactors AS onr
LEFT JOIN
	operators AS o ON onr.operator_id = o.id 
GROUP BY 
	o.full_name,
	onr.reactor_name

!SUBENTRY 1 org.jkiss.dbeaver.model 1 0 2025-08-27 13:22:30.514
!MESSAGE SUCCESS [-1]

!ENTRY org.jkiss.dbeaver.model 1 1461 2025-08-27 13:23:30.635
!MESSAGE SELECT
	COUNT(onr.operator_id),
	o.full_name
FROM
	operational_reactors AS onr
LEFT JOIN
	operators AS o ON onr.operator_id = o.id 
GROUP BY 
	onr.reactor_name

!SUBENTRY 1 org.jkiss.dbeaver.model 4 0 2025-08-27 13:23:30.636
!MESSAGE ERROR: column "o.full_name" must appear in the GROUP BY clause or be used in an aggregate function
  Position: 36

!ENTRY org.jkiss.dbeaver.model 1 1463 2025-08-27 13:23:42.728
!MESSAGE SELECT
	COUNT(onr.operator_id),
	o.full_name
FROM
	operational_reactors AS onr
LEFT JOIN
	operators AS o ON onr.operator_id = o.id 
GROUP BY 
	o.full_name

!SUBENTRY 1 org.jkiss.dbeaver.model 1 0 2025-08-27 13:23:42.729
!MESSAGE SUCCESS [-1]

!ENTRY org.jkiss.dbeaver.model 1 1465 2025-08-27 13:24:51.072
!MESSAGE SELECT
	COUNT(onr.operator_id) AS nuclear_reactor_count,
	o.full_name
FROM
	operational_reactors AS onr
LEFT JOIN
	operators AS o ON onr.operator_id = o.id 
GROUP BY 
	o.full_name
ORDER BY
	nuclear_reactor_count DESC
!SUBENTRY 1 org.jkiss.dbeaver.model 1 0 2025-08-27 13:24:51.088
!MESSAGE SUCCESS [-1]

!ENTRY org.jkiss.dbeaver.model 0 1473 2025-08-27 13:25:38.368
!MESSAGE COMMIT

!ENTRY org.jkiss.dbeaver.model 1 1488 2025-08-27 13:45:57.174
!MESSAGE SELECT
	COUNT(onr.supplier_id) AS nuclear_supplier_count,
	s.full_name
FROM
	operational_reactors AS onr
LEFT JOIN
	nsss_suppliers AS s ON onr.supplier_id = s.id 
GROUP BY 
	s.full_name
ORDER BY
	nuclear_supplier_count DESC
!SUBENTRY 1 org.jkiss.dbeaver.model 1 0 2025-08-27 13:45:57.228
!MESSAGE SUCCESS [-1]

!ENTRY org.jkiss.dbeaver.model 0 1496 2025-08-27 13:46:19.371
!MESSAGE COMMIT

!ENTRY org.jkiss.dbeaver.model 1 1506 2025-08-27 14:03:47.037
!MESSAGE SELECT 
	country
FROM
	operational_reactors
!SUBENTRY 1 org.jkiss.dbeaver.model 1 0 2025-08-27 14:03:47.088
!MESSAGE SUCCESS [-1]

!ENTRY org.jkiss.dbeaver.model 1 1508 2025-08-27 14:03:49.995
!MESSAGE SELECT 
	country
FROM
	operational_reactors
!SUBENTRY 1 org.jkiss.dbeaver.model 1 0 2025-08-27 14:03:50.019
!MESSAGE SUCCESS [-1]

!ENTRY org.jkiss.dbeaver.model 1 1510 2025-08-27 14:03:51.206
!MESSAGE SELECT 
	country
FROM
	operational_reactors
!SUBENTRY 1 org.jkiss.dbeaver.model 1 0 2025-08-27 14:03:51.237
!MESSAGE SUCCESS [-1]

!ENTRY org.jkiss.dbeaver.model 1 1512 2025-08-27 14:04:20.619
!MESSAGE SELECT 
	COUNT(type_id),
	country
FROM
	operational_reactors
GROUP BY
	country
!SUBENTRY 1 org.jkiss.dbeaver.model 1 0 2025-08-27 14:04:20.640
!MESSAGE SUCCESS [-1]

!ENTRY org.jkiss.dbeaver.model 1 1514 2025-08-27 14:04:36.642
!MESSAGE SELECT 
	COUNT(type_id),
	country
FROM
	operational_reactors
GROUP BY
	country
ORDER BY
	country DESC
!SUBENTRY 1 org.jkiss.dbeaver.model 1 0 2025-08-27 14:04:36.657
!MESSAGE SUCCESS [-1]

!ENTRY org.jkiss.dbeaver.model 1 1516 2025-08-27 14:04:42.421
!MESSAGE SELECT 
	COUNT(type_id),
	country
FROM
	operational_reactors
GROUP BY
	country
ORDER BY
	country DESC
!SUBENTRY 1 org.jkiss.dbeaver.model 1 0 2025-08-27 14:04:42.437
!MESSAGE SUCCESS [-1]

!ENTRY org.jkiss.dbeaver.model 1 1518 2025-08-27 14:04:42.685
!MESSAGE SELECT 
	COUNT(type_id),
	country
FROM
	operational_reactors
GROUP BY
	country
ORDER BY
	country DESC
!SUBENTRY 1 org.jkiss.dbeaver.model 1 0 2025-08-27 14:04:42.700
!MESSAGE SUCCESS [-1]

!ENTRY org.jkiss.dbeaver.model 1 1520 2025-08-27 14:05:06.317
!MESSAGE SELECT 
	COUNT(type_id) AS reactor_country_count,
	country
FROM
	operational_reactors
GROUP BY
	country
ORDER BY
	reactor_country_count DESC
!SUBENTRY 1 org.jkiss.dbeaver.model 1 0 2025-08-27 14:05:06.332
!MESSAGE SUCCESS [-1]

!ENTRY org.jkiss.dbeaver.model 0 1528 2025-08-27 14:05:23.849
!MESSAGE COMMIT

!ENTRY org.jkiss.dbeaver.model 1 1542 2025-08-27 14:14:54.352
!MESSAGE SELECT
	rank() OVER (ORDER BY net_capacity_mwe DESC) AS top_energy_reactors  ,
	reactor_name,
	reactor_type,
	country
FROM 
	operational_reactors or2 s
!SUBENTRY 1 org.jkiss.dbeaver.model 4 0 2025-08-27 14:14:54.355
!MESSAGE ERROR: syntax error at or near "s"
  Position: 157

!ENTRY org.jkiss.dbeaver.model 1 1544 2025-08-27 14:15:01.013
!MESSAGE SELECT
	rank() OVER (ORDER BY net_capacity_mwe DESC) AS top_energy_reactors  ,
	reactor_name,
	reactor_type,
	country
FROM 
	operational_reactors
!SUBENTRY 1 org.jkiss.dbeaver.model 1 0 2025-08-27 14:15:01.072
!MESSAGE SUCCESS [-1]

!ENTRY org.jkiss.dbeaver.model 1 1546 2025-08-27 14:15:07.134
!MESSAGE SELECT
	rank() OVER (ORDER BY net_capacity_mwe DESC) AS top_energy_reactors  ,
	reactor_name,
	reactor_type,
	country
FROM 
	operational_reactors
!SUBENTRY 1 org.jkiss.dbeaver.model 1 0 2025-08-27 14:15:07.153
!MESSAGE SUCCESS [-1]

!ENTRY org.jkiss.dbeaver.model 1 1548 2025-08-27 14:15:08.554
!MESSAGE SELECT
	rank() OVER (ORDER BY net_capacity_mwe DESC) AS top_energy_reactors  ,
	reactor_name,
	reactor_type,
	country
FROM 
	operational_reactors
!SUBENTRY 1 org.jkiss.dbeaver.model 1 0 2025-08-27 14:15:08.555
!MESSAGE SUCCESS [-1]

!ENTRY org.jkiss.dbeaver.model 1 1550 2025-08-27 14:15:22.355
!MESSAGE SELECT
	rank() OVER (ORDER BY net_capacity_mwe ASC) AS top_energy_reactors  ,
	reactor_name,
	reactor_type,
	country
FROM 
	operational_reactors
!SUBENTRY 1 org.jkiss.dbeaver.model 1 0 2025-08-27 14:15:22.376
!MESSAGE SUCCESS [-1]

!ENTRY org.jkiss.dbeaver.model 1 1552 2025-08-27 14:15:22.421
!MESSAGE SELECT
	rank() OVER (ORDER BY net_capacity_mwe ASC) AS top_energy_reactors  ,
	reactor_name,
	reactor_type,
	country
FROM 
	operational_reactors
!SUBENTRY 1 org.jkiss.dbeaver.model 1 0 2025-08-27 14:15:22.442
!MESSAGE SUCCESS [-1]

!ENTRY org.jkiss.dbeaver.model 1 1554 2025-08-27 14:15:27.386
!MESSAGE SELECT
	rank() OVER (ORDER BY net_capacity_mwe ASC) AS top_energy_reactors  ,
	reactor_name,
	reactor_type,
	country
FROM 
	operational_reactors
!SUBENTRY 1 org.jkiss.dbeaver.model 1 0 2025-08-27 14:15:27.409
!MESSAGE SUCCESS [-1]

!ENTRY org.jkiss.dbeaver.model 1 1556 2025-08-27 14:15:27.880
!MESSAGE SELECT
	rank() OVER (ORDER BY net_capacity_mwe ASC) AS top_energy_reactors  ,
	reactor_name,
	reactor_type,
	country
FROM 
	operational_reactors
!SUBENTRY 1 org.jkiss.dbeaver.model 1 0 2025-08-27 14:15:27.897
!MESSAGE SUCCESS [-1]

!ENTRY org.jkiss.dbeaver.model 1 1558 2025-08-27 14:15:29.265
!MESSAGE SELECT
	rank() OVER (ORDER BY net_capacity_mwe ASC) AS top_energy_reactors  ,
	reactor_name,
	reactor_type,
	country
FROM 
	operational_reactors
!SUBENTRY 1 org.jkiss.dbeaver.model 1 0 2025-08-27 14:15:29.284
!MESSAGE SUCCESS [-1]

!ENTRY org.jkiss.dbeaver.model 1 1560 2025-08-27 14:15:31.020
!MESSAGE SELECT
	rank() OVER (ORDER BY net_capacity_mwe ASC) AS top_energy_reactors  ,
	reactor_name,
	reactor_type,
	country
FROM 
	operational_reactors
!SUBENTRY 1 org.jkiss.dbeaver.model 1 0 2025-08-27 14:15:31.023
!MESSAGE SUCCESS [-1]

!ENTRY org.jkiss.dbeaver.model 1 1562 2025-08-27 14:15:47.309
!MESSAGE SELECT
	rank() OVER (ORDER BY net_capacity_mwe DESC) AS top_energy_reactors  ,
	reactor_name,
	reactor_type,
	country
FROM 
	operational_reactors
!SUBENTRY 1 org.jkiss.dbeaver.model 1 0 2025-08-27 14:15:47.331
!MESSAGE SUCCESS [-1]

!ENTRY org.jkiss.dbeaver.model 1 1564 2025-08-27 14:15:47.377
!MESSAGE SELECT
	rank() OVER (ORDER BY net_capacity_mwe DESC) AS top_energy_reactors  ,
	reactor_name,
	reactor_type,
	country
FROM 
	operational_reactors
!SUBENTRY 1 org.jkiss.dbeaver.model 1 0 2025-08-27 14:15:47.393
!MESSAGE SUCCESS [-1]

!ENTRY org.jkiss.dbeaver.model 1 1566 2025-08-27 14:15:49.193
!MESSAGE SELECT
	rank() OVER (ORDER BY net_capacity_mwe DESC) AS top_energy_reactors  ,
	reactor_name,
	reactor_type,
	country
FROM 
	operational_reactors
!SUBENTRY 1 org.jkiss.dbeaver.model 1 0 2025-08-27 14:15:49.214
!MESSAGE SUCCESS [-1]

!ENTRY org.jkiss.dbeaver.model 1 1572 2025-08-27 14:16:44.994
!MESSAGE SELECT
	rank() OVER (ORDER BY net_capacity_mwe) AS top_energy_reactors  ,
	reactor_name,
	reactor_type,
	country
FROM 
	operational_reactors
!SUBENTRY 1 org.jkiss.dbeaver.model 1 0 2025-08-27 14:16:45.019
!MESSAGE SUCCESS [-1]

!ENTRY org.jkiss.dbeaver.model 1 1574 2025-08-27 14:16:47.668
!MESSAGE SELECT
	rank() OVER (ORDER BY net_capacity_mwe) AS top_energy_reactors  ,
	reactor_name,
	reactor_type,
	country
FROM 
	operational_reactors
!SUBENTRY 1 org.jkiss.dbeaver.model 1 0 2025-08-27 14:16:47.691
!MESSAGE SUCCESS [-1]

!ENTRY org.jkiss.dbeaver.model 1 1576 2025-08-27 14:16:49.078
!MESSAGE SELECT
	rank() OVER (ORDER BY net_capacity_mwe) AS top_energy_reactors  ,
	reactor_name,
	reactor_type,
	country
FROM 
	operational_reactors
!SUBENTRY 1 org.jkiss.dbeaver.model 1 0 2025-08-27 14:16:49.097
!MESSAGE SUCCESS [-1]

!ENTRY org.jkiss.dbeaver.model 1 1578 2025-08-27 14:17:03.411
!MESSAGE SELECT
	rank() OVER (net_capacity_mwe) AS top_energy_reactors  ,
	reactor_name,
	reactor_type,
	country
FROM 
	operational_reactors
!SUBENTRY 1 org.jkiss.dbeaver.model 4 0 2025-08-27 14:17:03.412
!MESSAGE ERROR: window "net_capacity_mwe" does not exist
  Position: 22

!ENTRY org.jkiss.dbeaver.model 1 1580 2025-08-27 14:17:51.080
!MESSAGE SELECT
	rank() OVER (ORDER BY net_capacity_mwe DESC) AS top_energy_reactors  ,
	reactor_name,
	reactor_type,
	country
FROM 
	operational_reactors
!SUBENTRY 1 org.jkiss.dbeaver.model 1 0 2025-08-27 14:17:51.081
!MESSAGE SUCCESS [-1]

!ENTRY org.jkiss.dbeaver.model 1 1582 2025-08-27 14:20:48.222
!MESSAGE SELECT
	rank() OVER (ORDER BY net_capacity_mwe DESC) AS top_energy_reactors  ,
	reactor_name,
	reactor_type,
	country
FROM 
	operational_reactors
!SUBENTRY 1 org.jkiss.dbeaver.model 1 0 2025-08-27 14:20:48.247
!MESSAGE SUCCESS [-1]

!ENTRY org.jkiss.dbeaver.model 1 1584 2025-08-27 14:20:49.246
!MESSAGE SELECT
	rank() OVER (ORDER BY net_capacity_mwe DESC) AS top_energy_reactors  ,
	reactor_name,
	reactor_type,
	country
FROM 
	operational_reactors
!SUBENTRY 1 org.jkiss.dbeaver.model 1 0 2025-08-27 14:20:49.277
!MESSAGE SUCCESS [-1]

!ENTRY org.jkiss.dbeaver.model 1 1586 2025-08-27 14:22:39.355
!MESSAGE SELECT
	rank() OVER (ORDER BY net_capacity_mwe DESC) AS top_energy_reactors  ,
	reactor_name,
	reactor_type,
	country,
	net_capacity_mwe
FROM 
	operational_reactors
!SUBENTRY 1 org.jkiss.dbeaver.model 1 0 2025-08-27 14:22:39.380
!MESSAGE SUCCESS [-1]

!ENTRY org.jkiss.dbeaver.model 1 1588 2025-08-27 14:22:42.993
!MESSAGE SELECT
	rank() OVER (ORDER BY net_capacity_mwe DESC) AS top_energy_reactors  ,
	reactor_name,
	reactor_type,
	country,
	net_capacity_mwe
FROM 
	operational_reactors
!SUBENTRY 1 org.jkiss.dbeaver.model 1 0 2025-08-27 14:22:43.019
!MESSAGE SUCCESS [-1]

!ENTRY org.jkiss.dbeaver.model 1 1590 2025-08-27 14:22:44.222
!MESSAGE SELECT
	rank() OVER (ORDER BY net_capacity_mwe DESC) AS top_energy_reactors  ,
	reactor_name,
	reactor_type,
	country,
	net_capacity_mwe
FROM 
	operational_reactors
!SUBENTRY 1 org.jkiss.dbeaver.model 1 0 2025-08-27 14:22:44.244
!MESSAGE SUCCESS [-1]

!ENTRY org.jkiss.dbeaver.model 1 1592 2025-08-27 14:23:30.642
!MESSAGE SELECT
	rank() OVER (ORDER BY net_capacity_mwe DESC) AS top_energy_reactors  ,
	net_capacity_mwe,
	reactor_name,
	reactor_type,
	country
FROM 
	operational_reactors
!SUBENTRY 1 org.jkiss.dbeaver.model 1 0 2025-08-27 14:23:30.668
!MESSAGE SUCCESS [-1]

!ENTRY org.jkiss.dbeaver.model 1 1594 2025-08-27 14:23:49.437
!MESSAGE SELECT
	rank() OVER (ORDER BY net_capacity_mwe DESC) AS ranked_energy_reactors  ,
	net_capacity_mwe,
	reactor_name,
	reactor_type,
	country
FROM 
	operational_reactors
!SUBENTRY 1 org.jkiss.dbeaver.model 1 0 2025-08-27 14:23:49.454
!MESSAGE SUCCESS [-1]

!ENTRY org.jkiss.dbeaver.model 1 1596 2025-08-27 14:24:10.519
!MESSAGE SELECT
	rank() OVER (ORDER BY net_capacity_mwe DESC) AS ranked_energy_capacity,
	net_capacity_mwe,
	reactor_name,
	reactor_type,
	country
FROM 
	operational_reactors
!SUBENTRY 1 org.jkiss.dbeaver.model 1 0 2025-08-27 14:24:10.536
!MESSAGE SUCCESS [-1]

!ENTRY org.jkiss.dbeaver.model 1 1598 2025-08-27 14:24:18.032
!MESSAGE SELECT
	rank() OVER (ORDER BY net_capacity_mwe DESC) AS ranked_energy_capacity,
	net_capacity_mwe,
	reactor_name,
	reactor_type,
	country
FROM 
	operational_reactors
!SUBENTRY 1 org.jkiss.dbeaver.model 1 0 2025-08-27 14:24:18.049
!MESSAGE SUCCESS [-1]

!ENTRY org.jkiss.dbeaver.model 1 1600 2025-08-27 14:24:20.324
!MESSAGE SELECT
	rank() OVER (ORDER BY net_capacity_mwe DESC) AS ranked_energy_capacity,
	net_capacity_mwe,
	reactor_name,
	reactor_type,
	country
FROM 
	operational_reactors
!SUBENTRY 1 org.jkiss.dbeaver.model 1 0 2025-08-27 14:24:20.344
!MESSAGE SUCCESS [-1]

!ENTRY org.jkiss.dbeaver.model 1 1602 2025-08-27 14:25:00.903
!MESSAGE SELECT
	DENSE_RANK() OVER (ORDER BY net_capacity_mwe DESC) AS ranked_energy_capacity,
	net_capacity_mwe,
	reactor_name,
	reactor_type,
	country
FROM 
	operational_reactors
!SUBENTRY 1 org.jkiss.dbeaver.model 1 0 2025-08-27 14:25:00.926
!MESSAGE SUCCESS [-1]

!ENTRY org.jkiss.dbeaver.model 1 1604 2025-08-27 14:25:04.006
!MESSAGE SELECT
	DENSE_RANK() OVER (ORDER BY net_capacity_mwe DESC) AS ranked_energy_capacity,
	net_capacity_mwe,
	reactor_name,
	reactor_type,
	country
FROM 
	operational_reactors
!SUBENTRY 1 org.jkiss.dbeaver.model 1 0 2025-08-27 14:25:04.033
!MESSAGE SUCCESS [-1]

!ENTRY org.jkiss.dbeaver.model 1 1606 2025-08-27 14:25:05.074
!MESSAGE SELECT
	DENSE_RANK() OVER (ORDER BY net_capacity_mwe DESC) AS ranked_energy_capacity,
	net_capacity_mwe,
	reactor_name,
	reactor_type,
	country
FROM 
	operational_reactors
!SUBENTRY 1 org.jkiss.dbeaver.model 1 0 2025-08-27 14:25:05.097
!MESSAGE SUCCESS [-1]

!ENTRY org.jkiss.dbeaver.model 0 1614 2025-08-27 14:28:54.378
!MESSAGE COMMIT

!ENTRY org.jkiss.dbeaver.model 1 1619 2025-08-27 14:38:34.482
!MESSAGE DENSE_RANK() OVER (ORDER BY net_capacity_mwe DESC) AS ranked_energy_capacity,
!SUBENTRY 1 org.jkiss.dbeaver.model 4 0 2025-08-27 14:38:34.483
!MESSAGE ERROR: syntax error at or near "DENSE_RANK"
  Position: 1

!ENTRY org.jkiss.dbeaver.model 1 1621 2025-08-27 14:38:34.749
!MESSAGE DENSE_RANK() OVER (ORDER BY net_capacity_mwe DESC) AS ranked_energy_capacity,
!SUBENTRY 1 org.jkiss.dbeaver.model 4 0 2025-08-27 14:38:34.750
!MESSAGE ERROR: syntax error at or near "DENSE_RANK"
  Position: 1

!ENTRY org.jkiss.dbeaver.model 1 1623 2025-08-27 14:38:34.978
!MESSAGE DENSE_RANK() OVER (ORDER BY net_capacity_mwe DESC) AS ranked_energy_capacity,
!SUBENTRY 1 org.jkiss.dbeaver.model 4 0 2025-08-27 14:38:34.978
!MESSAGE ERROR: syntax error at or near "DENSE_RANK"
  Position: 1

!ENTRY org.jkiss.dbeaver.model 1 1625 2025-08-27 14:38:39.397
!MESSAGE SELECT
	DENSE_RANK () OVER (ORDER BY net_capacity_mwe DESC) AS ranked_energy_capacity,
	net_capacity_mwe,
	reactor_name,
	reactor_type,
	country
FROM 
	operational_reactors
!SUBENTRY 1 org.jkiss.dbeaver.model 1 0 2025-08-27 14:38:39.398
!MESSAGE SUCCESS [-1]

!ENTRY org.jkiss.dbeaver.model 1 1627 2025-08-27 14:39:22.992
!MESSAGE SELECT
	net_capacity_mwe,
	reactor_type,
FROM 
	operational_reactors
!SUBENTRY 1 org.jkiss.dbeaver.model 4 0 2025-08-27 14:39:22.992
!MESSAGE ERROR: syntax error at or near "FROM"
  Position: 45

!ENTRY org.jkiss.dbeaver.model 1 1631 2025-08-27 14:39:32.925
!MESSAGE SELECT
	net_capacity_mwe,
	reactor_type
FROM 
	operational_reactors
!SUBENTRY 1 org.jkiss.dbeaver.model 1 0 2025-08-27 14:39:33.022
!MESSAGE SUCCESS [-1]

!ENTRY org.jkiss.dbeaver.model 1 1633 2025-08-27 14:39:37.849
!MESSAGE SELECT
	net_capacity_mwe,
	reactor_type
FROM 
	operational_reactors
!SUBENTRY 1 org.jkiss.dbeaver.model 1 0 2025-08-27 14:39:37.870
!MESSAGE SUCCESS [-1]

!ENTRY org.jkiss.dbeaver.model 1 1635 2025-08-27 14:39:40.185
!MESSAGE SELECT
	net_capacity_mwe,
	reactor_type
FROM 
	operational_reactors
!SUBENTRY 1 org.jkiss.dbeaver.model 1 0 2025-08-27 14:39:40.204
!MESSAGE SUCCESS [-1]

!ENTRY org.jkiss.dbeaver.model 1 1639 2025-08-27 14:41:28.297
!MESSAGE SELECT
	SUM(net_capacity_mwe) ,
	country
FROM 
	operational_reactors
!SUBENTRY 1 org.jkiss.dbeaver.model 4 0 2025-08-27 14:41:28.298
!MESSAGE ERROR: column "operational_reactors.country" must appear in the GROUP BY clause or be used in an aggregate function
  Position: 36

!ENTRY org.jkiss.dbeaver.model 1 1641 2025-08-27 14:41:46.000
!MESSAGE SELECT
	SUM(net_capacity_mwe) ,
	country
FROM 
	operational_reactors
GROUP BY
	country
!SUBENTRY 1 org.jkiss.dbeaver.model 1 0 2025-08-27 14:41:46.002
!MESSAGE SUCCESS [-1]

!ENTRY org.jkiss.dbeaver.model 1 1643 2025-08-27 14:42:20.201
!MESSAGE SELECT
	SUM(net_capacity_mwe) AS net_mwe,
	country
FROM 
	operational_reactors
GROUP BY
	country
ORDER BY
	net_mwe DESC

!SUBENTRY 1 org.jkiss.dbeaver.model 1 0 2025-08-27 14:42:20.217
!MESSAGE SUCCESS [-1]

!ENTRY org.jkiss.dbeaver.model 1 1645 2025-08-27 14:43:14.387
!MESSAGE SELECT
	SUM(net_capacity_mwe) AS net_mwe,
	reactor_type
FROM 
	operational_reactors
GROUP BY
	reactor_type
ORDER BY
	net_mwe DESC
!SUBENTRY 1 org.jkiss.dbeaver.model 1 0 2025-08-27 14:43:14.408
!MESSAGE SUCCESS [-1]

!ENTRY org.jkiss.dbeaver.model 0 1653 2025-08-27 14:46:41.617
!MESSAGE COMMIT

!ENTRY org.jkiss.dbeaver.model 1 1658 2025-08-27 14:48:04.128
!MESSAGE SELECT
	SUM(net_capacity_mwe) AS net_mwe,
	country
FROM 
	operational_reactors
GROUP BY
	country
ORDER BY
	net_mwe DESC
!SUBENTRY 1 org.jkiss.dbeaver.model 1 0 2025-08-27 14:48:04.157
!MESSAGE SUCCESS [-1]

!ENTRY org.jkiss.dbeaver.model 0 1666 2025-08-27 14:48:10.878
!MESSAGE COMMIT

!ENTRY org.jkiss.dbeaver.model 1 1696 2025-08-27 14:50:41.904
!MESSAGE SELECT 
	country,
	reactor_type,
	net_capacity_mwe
FROM 
	operational_reactors
!SUBENTRY 1 org.jkiss.dbeaver.model 1 0 2025-08-27 14:50:41.959
!MESSAGE SUCCESS [-1]

!ENTRY org.jkiss.dbeaver.model 1 1698 2025-08-27 14:50:58.145
!MESSAGE SELECT 
	country,
	reactor_type,
	net_capacity_mwe
FROM 
	operational_reactors
WHERE
	country = 'USA'
!SUBENTRY 1 org.jkiss.dbeaver.model 1 0 2025-08-27 14:50:58.168
!MESSAGE SUCCESS [-1]

!ENTRY org.jkiss.dbeaver.model 1 1700 2025-08-27 14:51:56.022
!MESSAGE SELECT 
	country,
	SUM(reactor_type) AS reactor_type_output,
	net_capacity_mwe
FROM 
	operational_reactors
WHERE
	country = 'USA'
GROUP BY
	net_capacity_mwe
!SUBENTRY 1 org.jkiss.dbeaver.model 4 0 2025-08-27 14:51:56.024
!MESSAGE ERROR: function sum(character varying) does not exist
  Hint: No function matches the given name and argument types. You might need to add explicit type casts.
  Position: 22

!ENTRY org.jkiss.dbeaver.model 1 1702 2025-08-27 14:52:34.278
!MESSAGE SELECT 
	country,
	reactor_type,
	SUM(net_capacity_mwe) AS reactor_type_output
FROM 
	operational_reactors
WHERE
	country = 'USA'
GROUP BY
	reactor_type
!SUBENTRY 1 org.jkiss.dbeaver.model 4 0 2025-08-27 14:52:34.279
!MESSAGE ERROR: column "operational_reactors.country" must appear in the GROUP BY clause or be used in an aggregate function
  Position: 11

!ENTRY org.jkiss.dbeaver.model 1 1704 2025-08-27 14:52:43.022
!MESSAGE SELECT 
	country,
	reactor_type,
	SUM(net_capacity_mwe) AS reactor_type_output
FROM 
	operational_reactors
WHERE
	country = 'USA'
GROUP BY
	reactor_type,
	coutnry
!SUBENTRY 1 org.jkiss.dbeaver.model 4 0 2025-08-27 14:52:43.023
!MESSAGE ERROR: column "coutnry" does not exist
  Hint: Perhaps you meant to reference the column "operational_reactors.country".
  Position: 166

!ENTRY org.jkiss.dbeaver.model 1 1706 2025-08-27 14:52:49.089
!MESSAGE SELECT 
	country,
	reactor_type,
	SUM(net_capacity_mwe) AS reactor_type_output
FROM 
	operational_reactors
WHERE
	country = 'USA'
GROUP BY
	reactor_type,
	country
!SUBENTRY 1 org.jkiss.dbeaver.model 1 0 2025-08-27 14:52:49.090
!MESSAGE SUCCESS [-1]

!ENTRY org.jkiss.dbeaver.model 1 1708 2025-08-27 14:53:07.562
!MESSAGE SELECT 
	country,
	reactor_type,
	SUM(net_capacity_mwe) AS reactor_type_output,
	SUM(net_capacity_mwe)
FROM 
	operational_reactors
WHERE
	country = 'USA'
GROUP BY
	reactor_type,
	country
!SUBENTRY 1 org.jkiss.dbeaver.model 1 0 2025-08-27 14:53:07.579
!MESSAGE SUCCESS [-1]

!ENTRY org.jkiss.dbeaver.model 1 1710 2025-08-27 14:53:14.854
!MESSAGE SELECT 
	country,
	reactor_type,
	SUM(net_capacity_mwe) AS reactor_type_output
FROM 
	operational_reactors
WHERE
	country = 'USA'
GROUP BY
	reactor_type,
	country
!SUBENTRY 1 org.jkiss.dbeaver.model 1 0 2025-08-27 14:53:14.874
!MESSAGE SUCCESS [-1]

!ENTRY org.jkiss.dbeaver.model 0 1718 2025-08-27 14:53:32.782
!MESSAGE COMMIT

!ENTRY org.jkiss.dbeaver.model 1 1723 2025-08-27 14:55:01.659
!MESSAGE SELECT 
	country,
	reactor_type,
	SUM(net_capacity_mwe) AS reactor_type_output
FROM 
	operational_reactors
WHERE
	country = 'France'
GROUP BY
	reactor_type,
	country
!SUBENTRY 1 org.jkiss.dbeaver.model 1 0 2025-08-27 14:55:01.684
!MESSAGE SUCCESS [-1]

!ENTRY org.jkiss.dbeaver.model 1 1725 2025-08-27 14:55:14.266
!MESSAGE SELECT 
	country,
	reactor_type,
	SUM(net_capacity_mwe) AS reactor_type_output
FROM 
	operational_reactors
WHERE
	country = 'Russia'
GROUP BY
	reactor_type,
	country
!SUBENTRY 1 org.jkiss.dbeaver.model 1 0 2025-08-27 14:55:14.290
!MESSAGE SUCCESS [-1]

!ENTRY org.jkiss.dbeaver.model 1 1727 2025-08-27 14:55:19.003
!MESSAGE France
!SUBENTRY 1 org.jkiss.dbeaver.model 4 0 2025-08-27 14:55:19.003
!MESSAGE ERROR: syntax error at or near "France"
  Position: 1

!ENTRY org.jkiss.dbeaver.model 1 1729 2025-08-27 14:55:30.606
!MESSAGE SELECT 
	country,
	reactor_type,
	SUM(net_capacity_mwe) AS reactor_type_output
FROM 
	operational_reactors
WHERE
	country = 'France'
GROUP BY
	reactor_type,
	country
!SUBENTRY 1 org.jkiss.dbeaver.model 1 0 2025-08-27 14:55:30.681
!MESSAGE SUCCESS [-1]

!ENTRY org.jkiss.dbeaver.model 1 1731 2025-08-27 14:55:47.490
!MESSAGE SELECT 
	country,
	reactor_type,
	SUM(net_capacity_mwe) AS reactor_type_output
FROM 
	operational_reactors
WHERE
	country = 'France', 'China', 'USA'
GROUP BY
	reactor_type,
	country
!SUBENTRY 1 org.jkiss.dbeaver.model 4 0 2025-08-27 14:55:47.490
!MESSAGE ERROR: syntax error at or near ","
  Position: 140

!ENTRY org.jkiss.dbeaver.model 1 1733 2025-08-27 14:55:55.469
!MESSAGE SELECT 
	country,
	reactor_type,
	SUM(net_capacity_mwe) AS reactor_type_output
FROM 
	operational_reactors
WHERE
	country = ('France', 'China', 'USA')
GROUP BY
	reactor_type,
	country
!SUBENTRY 1 org.jkiss.dbeaver.model 4 0 2025-08-27 14:55:55.469
!MESSAGE ERROR: operator does not exist: character varying = record
  Hint: No operator matches the given name and argument types. You might need to add explicit type casts.
  Position: 130

!ENTRY org.jkiss.dbeaver.model 1 1735 2025-08-27 14:56:03.265
!MESSAGE SELECT 
	country,
	reactor_type,
	SUM(net_capacity_mwe) AS reactor_type_output
FROM 
	operational_reactors
WHERE
	country IS ('France', 'China', 'USA')
GROUP BY
	reactor_type,
	country
!SUBENTRY 1 org.jkiss.dbeaver.model 4 0 2025-08-27 14:56:03.266
!MESSAGE ERROR: syntax error at or near "("
  Position: 133

!ENTRY org.jkiss.dbeaver.model 1 1737 2025-08-27 14:56:49.055
!MESSAGE SELECT 
	country,
	reactor_type,
	SUM(net_capacity_mwe) AS reactor_type_output
FROM 
	operational_reactors
WHERE
	country = ('France', 'China', 'USA')
GROUP BY
	reactor_type,
	country
!SUBENTRY 1 org.jkiss.dbeaver.model 4 0 2025-08-27 14:56:49.056
!MESSAGE ERROR: operator does not exist: character varying = record
  Hint: No operator matches the given name and argument types. You might need to add explicit type casts.
  Position: 130

!ENTRY org.jkiss.dbeaver.model 1 1739 2025-08-27 14:58:19.067
!MESSAGE SELECT 
	country,
	reactor_type,
	SUM(net_capacity_mwe) AS reactor_type_output
FROM 
	operational_reactors
WHERE
	country IN ('France', 'China', 'USA')
GROUP BY
	reactor_type,
	country
!SUBENTRY 1 org.jkiss.dbeaver.model 1 0 2025-08-27 14:58:19.168
!MESSAGE SUCCESS [-1]

!ENTRY org.jkiss.dbeaver.model 1 1741 2025-08-27 14:59:10.631
!MESSAGE SELECT 
	country,
	reactor_type,
	SUM(net_capacity_mwe) AS reactor_type_output
FROM 
	operational_reactors
WHERE
	country IN ('France', 'China', 'USA')
GROUP BY
	reactor_type,
	country
ORDER BY 
	country,
	reactor_type_output DESC
!SUBENTRY 1 org.jkiss.dbeaver.model 1 0 2025-08-27 14:59:10.649
!MESSAGE SUCCESS [-1]

!ENTRY org.jkiss.dbeaver.model 0 1749 2025-08-27 14:59:48.389
!MESSAGE COMMIT

!ENTRY org.jkiss.dbeaver.model 1 1754 2025-08-27 15:00:28.656
!MESSAGE SELECT 
	country,
	reactor_type,
	SUM(net_capacity_mwe) AS reactor_type_output
FROM 
	operational_reactors
WHERE
	country = 'USA'
GROUP BY
	net_capacity_mwe
!SUBENTRY 1 org.jkiss.dbeaver.model 4 0 2025-08-27 15:00:28.657
!MESSAGE ERROR: column "operational_reactors.country" must appear in the GROUP BY clause or be used in an aggregate function
  Position: 11

!ENTRY org.jkiss.dbeaver.model 1 1756 2025-08-27 15:00:39.573
!MESSAGE SELECT 
	country,
	reactor_type,
	SUM(net_capacity_mwe) AS reactor_type_output
FROM 
	operational_reactors
WHERE
	country = 'USA'
GROUP BY
	net_capacity_mwe,
	country
!SUBENTRY 1 org.jkiss.dbeaver.model 4 0 2025-08-27 15:00:39.573
!MESSAGE ERROR: column "operational_reactors.reactor_type" must appear in the GROUP BY clause or be used in an aggregate function
  Position: 22

!ENTRY org.jkiss.dbeaver.model 1 1758 2025-08-27 15:00:58.954
!MESSAGE SELECT 
	country,
	reactor_type,
	SUM(net_capacity_mwe) AS reactor_type_output
FROM 
	operational_reactors
WHERE
	country = 'USA'
GROUP BY
	reactor_type,
	country
!SUBENTRY 1 org.jkiss.dbeaver.model 1 0 2025-08-27 15:00:59.030
!MESSAGE SUCCESS [-1]

!ENTRY org.jkiss.dbeaver.model 1 1760 2025-08-27 15:04:51.918
!MESSAGE SELECT 
	country,
	reactor_type,
	SUM(net_capacity_mwe) AS reactor_type_output
FROM 
	operational_reactors
WHERE
	country IN ('France', 'China', 'USA')
GROUP BY
	reactor_type,
	country
ORDER BY 
	country,
	reactor_type_output DESC
!SUBENTRY 1 org.jkiss.dbeaver.model 1 0 2025-08-27 15:04:51.946
!MESSAGE SUCCESS [-1]

