!ENTRY org.jkiss.dbeaver.model 1 46 2025-08-28 18:35:22.086
!MESSAGE --Each reactor type for each country
SELECT 
	 COUNT(reactor_type) AS reactor_type_count,
	 country,
	 reactor_type
FROM
	operational_reactors
GROUP BY
	country,
	reactor_type
ORDER BY
	reactor_type_count DESC

	-- Counts total nucelar reactor per country
SELECT
	COUNT(type_id) AS reactor_count,
	country
FROM
	operational_reactors
GROUP BY
	country
ORDER BY 
	reactor_count DESC
	
!SUBENTRY 1 org.jkiss.dbeaver.model 4 0 2025-08-28 18:35:22.093
!MESSAGE ERROR: syntax error at or near "SELECT"
  Position: 271

!ENTRY org.jkiss.dbeaver.model 1 48 2025-08-28 18:35:33.223
!MESSAGE SELECT
	COUNT(type_id) AS reactor_count,
	country
FROM
	operational_reactors
GROUP BY
	country
ORDER BY 
	reactor_count DESC
	
!SUBENTRY 1 org.jkiss.dbeaver.model 1 0 2025-08-28 18:35:33.228
!MESSAGE SUCCESS [-1]

!ENTRY org.jkiss.dbeaver.model 1 78 2025-08-28 18:35:36.818
!MESSAGE --Each reactor type for each country
SELECT 
	 COUNT(reactor_type) AS reactor_type_count,
	 country,
	 reactor_type
FROM
	operational_reactors
GROUP BY
	country,
	reactor_type
ORDER BY
	reactor_type_count DESC

	-- Counts total nucelar reactor per country
SELECT
	COUNT(type_id) AS reactor_count,
	country
FROM
	operational_reactors
GROUP BY
	country
ORDER BY 
	reactor_count DESC
	
!SUBENTRY 1 org.jkiss.dbeaver.model 4 0 2025-08-28 18:35:36.819
!MESSAGE ERROR: syntax error at or near "SELECT"
  Position: 271

!ENTRY org.jkiss.dbeaver.model 1 80 2025-08-28 18:35:40.283
!MESSAGE --Each reactor type for each country
SELECT 
	 COUNT(reactor_type) AS reactor_type_count,
	 country,
	 reactor_type
FROM
	operational_reactors
GROUP BY
	country,
	reactor_type
ORDER BY
	reactor_type_count DESC

	-- Counts total nucelar reactor per country
SELECT
	COUNT(type_id) AS reactor_count,
	country
FROM
	operational_reactors
GROUP BY
	country
ORDER BY 
	reactor_count DESC
	
!SUBENTRY 1 org.jkiss.dbeaver.model 4 0 2025-08-28 18:35:40.283
!MESSAGE ERROR: syntax error at or near "SELECT"
  Position: 271

!ENTRY org.jkiss.dbeaver.model 1 82 2025-08-28 18:35:44.152
!MESSAGE 
	-- Counts total nucelar reactor per country
SELECT
	COUNT(type_id) AS reactor_count,
	country
FROM
	operational_reactors
GROUP BY
	country
ORDER BY 
	reactor_count DESC
	
!SUBENTRY 1 org.jkiss.dbeaver.model 1 0 2025-08-28 18:35:44.179
!MESSAGE SUCCESS [-1]

!ENTRY org.jkiss.dbeaver.model 1 84 2025-08-28 18:35:48.423
!MESSAGE SELECT 
	 COUNT(reactor_type) AS reactor_type_count,
	 country,
	 reactor_type
FROM
	operational_reactors
GROUP BY
	country,
	reactor_type
ORDER BY
	reactor_type_count DESC

!SUBENTRY 1 org.jkiss.dbeaver.model 1 0 2025-08-28 18:35:48.452
!MESSAGE SUCCESS [-1]

!ENTRY org.jkiss.dbeaver.model 1 152 2025-08-28 18:38:12.674
!MESSAGE SELECT 
	COUNT(reactor_type) AS reactor_type_count,
	country,
	reactor_type 
FROM 
	operational_reactors
WHERE
	reactor_type_count/reactor_type
!SUBENTRY 1 org.jkiss.dbeaver.model 4 0 2025-08-28 18:38:12.675
!MESSAGE ERROR: column "reactor_type_count" does not exist
  Position: 120

!ENTRY org.jkiss.dbeaver.model 1 154 2025-08-28 18:38:26.630
!MESSAGE SELECT 
	COUNT(reactor_type) AS reactor_type_count,
	country,
	reactor_type 
FROM 
	operational_reactors
WHERE
	reactor_type/reactor_type
!SUBENTRY 1 org.jkiss.dbeaver.model 4 0 2025-08-28 18:38:26.631
!MESSAGE ERROR: operator does not exist: character varying / character varying
  Hint: No operator matches the given name and argument types. You might need to add explicit type casts.
  Position: 132

!ENTRY org.jkiss.dbeaver.model 1 156 2025-08-28 18:38:35.839
!MESSAGE SELECT 
	COUNT(reactor_type) AS reactor_type_count,
	country,
	reactor_type 
FROM 
	operational_reactors
WHERE
	(reactor_type/reactor_type)
!SUBENTRY 1 org.jkiss.dbeaver.model 4 0 2025-08-28 18:38:35.839
!MESSAGE ERROR: operator does not exist: character varying / character varying
  Hint: No operator matches the given name and argument types. You might need to add explicit type casts.
  Position: 133

!ENTRY org.jkiss.dbeaver.model 1 158 2025-08-28 18:38:39.877
!MESSAGE SELECT 
	COUNT(reactor_type) AS reactor_type_count,
	country,
	reactor_type 
FROM 
	operational_reactors
WHERE
	(reactor_type_count/reactor_type)
!SUBENTRY 1 org.jkiss.dbeaver.model 4 0 2025-08-28 18:38:39.878
!MESSAGE ERROR: column "reactor_type_count" does not exist
  Position: 121

!ENTRY org.jkiss.dbeaver.model 1 160 2025-08-28 18:39:16.921
!MESSAGE SELECT 
	COUNT(reactor_type) AS reactor_type_count,
	country,
	reactor_type 
FROM 
	operational_reactors
WHERE
	country = 'USA'
!SUBENTRY 1 org.jkiss.dbeaver.model 4 0 2025-08-28 18:39:16.922
!MESSAGE ERROR: column "operational_reactors.country" must appear in the GROUP BY clause or be used in an aggregate function
  Position: 56

!ENTRY org.jkiss.dbeaver.model 1 162 2025-08-28 18:39:17.798
!MESSAGE SELECT 
	COUNT(reactor_type) AS reactor_type_count,
	country,
	reactor_type 
FROM 
	operational_reactors
WHERE
	country = 'USA'
!SUBENTRY 1 org.jkiss.dbeaver.model 4 0 2025-08-28 18:39:17.799
!MESSAGE ERROR: column "operational_reactors.country" must appear in the GROUP BY clause or be used in an aggregate function
  Position: 56

!ENTRY org.jkiss.dbeaver.model 1 164 2025-08-28 18:39:24.758
!MESSAGE SELECT 
	COUNT(reactor_type) AS reactor_type_count,
	country,
	reactor_type 
FROM 
	operational_reactors
WHERE
	country = 'USA'
!SUBENTRY 1 org.jkiss.dbeaver.model 4 0 2025-08-28 18:39:24.758
!MESSAGE ERROR: column "operational_reactors.country" must appear in the GROUP BY clause or be used in an aggregate function
  Position: 56

!ENTRY org.jkiss.dbeaver.model 1 166 2025-08-28 18:40:04.781
!MESSAGE SELECT 
	COUNT(reactor_type) AS reactor_type_count,
	country,
	reactor_type 
FROM 
	operational_reactors
WHERE
	reactor_type_count/reactor_type 
GROUP BY
	country,
	reactor_type
!SUBENTRY 1 org.jkiss.dbeaver.model 4 0 2025-08-28 18:40:04.782
!MESSAGE ERROR: column "reactor_type_count" does not exist
  Position: 120

!ENTRY org.jkiss.dbeaver.model 1 168 2025-08-28 18:40:46.814
!MESSAGE --Each reactor type for each country
SELECT 
	 COUNT(reactor_type) AS reactor_type_count,
	 country,
	 reactor_type
FROM
	operational_reactors
GROUP BY
	country,
	reactor_type
ORDER BY
	reactor_type_count DESC

	-- Counts total nucelar reactor per country
SELECT
	COUNT(type_id) AS reactor_count,
	country
FROM
	operational_reactors
GROUP BY
	country
ORDER BY 
	reactor_count DESC


!SUBENTRY 1 org.jkiss.dbeaver.model 4 0 2025-08-28 18:40:46.814
!MESSAGE ERROR: syntax error at or near "SELECT"
  Position: 271

!ENTRY org.jkiss.dbeaver.model 1 170 2025-08-28 18:40:52.222
!MESSAGE 	-- Counts total nucelar reactor per country
SELECT
	COUNT(type_id) AS reactor_count,
	country
FROM
	operational_reactors
GROUP BY
	country
ORDER BY 
	reactor_count DESC


!SUBENTRY 1 org.jkiss.dbeaver.model 1 0 2025-08-28 18:40:52.309
!MESSAGE SUCCESS [-1]

!ENTRY org.jkiss.dbeaver.model 1 172 2025-08-28 18:52:15.455
!MESSAGE WITH country_counts AS(	
SELECT
	COUNT(type_id) AS reactor_count,
	country
FROM
	operational_reactors
GROUP BY
	country = 'USA'
ORDER BY 
	reactor_count DESC
)
	
!SUBENTRY 1 org.jkiss.dbeaver.model 4 0 2025-08-28 18:52:15.456
!MESSAGE ERROR: syntax error at end of input
  Position: 173

!ENTRY org.jkiss.dbeaver.model 1 174 2025-08-28 18:52:32.750
!MESSAGE WITH country_counts AS(	
SELECT
	COUNT(type_id) AS reactor_count,
	country
FROM
	operational_reactors
GROUP BY
	country = 'USA'
ORDER BY 
	reactor_count DESC
)
	FROM country_counts
!SUBENTRY 1 org.jkiss.dbeaver.model 4 0 2025-08-28 18:52:32.751
!MESSAGE ERROR: syntax error at or near "FROM"
  Position: 173

!ENTRY org.jkiss.dbeaver.model 1 176 2025-08-28 18:52:33.742
!MESSAGE WITH country_counts AS(	
SELECT
	COUNT(type_id) AS reactor_count,
	country
FROM
	operational_reactors
GROUP BY
	country = 'USA'
ORDER BY 
	reactor_count DESC
)
	FROM country_counts
!SUBENTRY 1 org.jkiss.dbeaver.model 4 0 2025-08-28 18:52:33.742
!MESSAGE ERROR: syntax error at or near "FROM"
  Position: 173

!ENTRY org.jkiss.dbeaver.model 1 178 2025-08-28 18:53:05.093
!MESSAGE WITH country_counts AS(	
SELECT
	COUNT(type_id) AS reactor_count,
	country
FROM
	operational_reactors
GROUP BY
	country = 'USA'
ORDER BY 
	reactor_count DESC
)
SELECT 
	*
FROM
	country_counts
!SUBENTRY 1 org.jkiss.dbeaver.model 4 0 2025-08-28 18:53:05.095
!MESSAGE ERROR: column "operational_reactors.country" must appear in the GROUP BY clause or be used in an aggregate function
  Position: 71

!ENTRY org.jkiss.dbeaver.model 1 200 2025-08-28 18:54:00.246
!MESSAGE WITH country_counts AS(	
SELECT
	COUNT(type_id) AS reactor_count,
	country
FROM
	operational_reactors AS onr
GROUP BY
	country = 'USA'
ORDER BY 
	reactor_count DESC
)
SELECT 
	*
FROM
	country_counts
GROUP BY
	onr.country
!SUBENTRY 1 org.jkiss.dbeaver.model 4 0 2025-08-28 18:54:00.246
!MESSAGE ERROR: column "onr.country" must appear in the GROUP BY clause or be used in an aggregate function
  Position: 71

!ENTRY org.jkiss.dbeaver.model 1 202 2025-08-28 18:54:20.671
!MESSAGE -- CTE to find the % that USA has in nuclear reactors for the world
WITH country_counts AS(	
SELECT
	COUNT(type_id) AS reactor_count,
	country
FROM
	operational_reactors AS onr
GROUP BY
	onr.country = 'USA'
ORDER BY 
	reactor_count DESC
)
SELECT 
	*
FROM
	country_counts
GROUP BY
	onr.country
	
!SUBENTRY 1 org.jkiss.dbeaver.model 4 0 2025-08-28 18:54:20.672
!MESSAGE ERROR: column "onr.country" must appear in the GROUP BY clause or be used in an aggregate function
  Position: 140

!ENTRY org.jkiss.dbeaver.model 1 204 2025-08-28 18:54:36.926
!MESSAGE WITH country_counts AS(	
SELECT
	COUNT(onr.type_id) AS reactor_count,
	onr.country
FROM
	operational_reactors AS onr
GROUP BY
	onr.country = 'USA'
ORDER BY 
	reactor_count DESC
)
SELECT 
	*
FROM
	country_counts
GROUP BY
	onr.country
	
!SUBENTRY 1 org.jkiss.dbeaver.model 4 0 2025-08-28 18:54:36.926
!MESSAGE ERROR: column "onr.country" must appear in the GROUP BY clause or be used in an aggregate function
  Position: 75

!ENTRY org.jkiss.dbeaver.model 1 206 2025-08-28 18:55:33.290
!MESSAGE WITH country_counts AS(	
SELECT
	COUNT(*) AS reactor_count,
	onr.country
FROM
	operational_reactors AS onr
GROUP BY
	onr.country
ORDER BY 
	reactor_count DESC
)
SELECT 
	*
FROM
	country_counts
GROUP BY
	onr.country

!SUBENTRY 1 org.jkiss.dbeaver.model 4 0 2025-08-28 18:55:33.291
!MESSAGE ERROR: missing FROM-clause entry for table "onr"
  Position: 220

!ENTRY org.jkiss.dbeaver.model 1 216 2025-08-28 18:56:05.037
!MESSAGE -- CTE to find the % that USA has in nuclear reactors for the world
WITH country_counts AS(	
SELECT
	COUNT(*) AS reactor_count,
	onr.country
FROM
	operational_reactors AS onr
GROUP BY
	onr.country
ORDER BY 
	reactor_count DESC
)
SELECT 
	*
FROM
	onr
GROUP BY
	onr.country
	
!SUBENTRY 1 org.jkiss.dbeaver.model 4 0 2025-08-28 18:56:05.037
!MESSAGE ERROR: relation "onr" does not exist
  Position: 262

!ENTRY org.jkiss.dbeaver.model 1 242 2025-08-28 18:57:58.110
!MESSAGE WITH CountryCounts AS (
    SELECT
        country,
        COUNT(*) as reactor_count
    FROM
        operational_reactors
    GROUP BY
        country
)
SELECT
    (SELECT reactor_count FROM CountryCounts WHERE country = 'USA') AS usa_reactors,
    (SELECT SUM(reactor_count) FROM CountryCounts) AS total_reactors,
    (
        (SELECT reactor_count FROM CountryCounts WHERE country = 'USA')::DECIMAL /
        (SELECT SUM(reactor_count) FROM CountryCounts)
    ) * 100 AS usa_percentage

!SUBENTRY 1 org.jkiss.dbeaver.model 1 0 2025-08-28 18:57:58.112
!MESSAGE SUCCESS [-1]

!ENTRY org.jkiss.dbeaver.model 1 280 2025-08-28 19:16:46.348
!MESSAGE SELECT 
	country,
	COUNT(DISTINCT reactor_type) AS diverse_country,
	reactor_type
FROM
	operational_reactors,
!SUBENTRY 1 org.jkiss.dbeaver.model 4 0 2025-08-28 19:16:46.349
!MESSAGE ERROR: syntax error at end of input
  Position: 115

!ENTRY org.jkiss.dbeaver.model 1 282 2025-08-28 19:17:11.462
!MESSAGE SELECT 
	country,
	COUNT(DISTINCT reactor_type) AS diverse_country,
	reactor_type
FROM
	operational_reactors
GROUP BY
	country,
	reactor_type

!SUBENTRY 1 org.jkiss.dbeaver.model 1 0 2025-08-28 19:17:11.529
!MESSAGE SUCCESS [-1]

!ENTRY org.jkiss.dbeaver.model 1 284 2025-08-28 19:18:47.847
!MESSAGE FROM
	operational_reactors
GROUP BY
	country,
!SUBENTRY 1 org.jkiss.dbeaver.model 4 0 2025-08-28 19:18:47.847
!MESSAGE ERROR: syntax error at or near "FROM"
  Position: 1

!ENTRY org.jkiss.dbeaver.model 1 286 2025-08-28 19:18:50.686
!MESSAGE FROM
	operational_reactors
GROUP BY
	country
!SUBENTRY 1 org.jkiss.dbeaver.model 4 0 2025-08-28 19:18:50.686
!MESSAGE ERROR: syntax error at or near "FROM"
  Position: 1

!ENTRY org.jkiss.dbeaver.model 1 288 2025-08-28 19:18:55.414
!MESSAGE SELECT 
	country,
	COUNT(DISTINCT reactor_type) AS diverse_country
FROM
	operational_reactors
GROUP BY
	country
!SUBENTRY 1 org.jkiss.dbeaver.model 1 0 2025-08-28 19:18:55.415
!MESSAGE SUCCESS [-1]

!ENTRY org.jkiss.dbeaver.model 1 290 2025-08-28 19:19:08.886
!MESSAGE SELECT 
	country,
	COUNT(DISTINCT reactor_type) AS diverse_country
FROM
	operational_reactors
GROUP BY
	country
ORDER BY
	country

!SUBENTRY 1 org.jkiss.dbeaver.model 1 0 2025-08-28 19:19:08.908
!MESSAGE SUCCESS [-1]

!ENTRY org.jkiss.dbeaver.model 1 292 2025-08-28 19:19:23.816
!MESSAGE SELECT 
	country,
	COUNT(DISTINCT reactor_type) AS diverse_country
FROM
	operational_reactors
GROUP BY
	country
ORDER BY
	diverse_country DESC

!SUBENTRY 1 org.jkiss.dbeaver.model 1 0 2025-08-28 19:19:23.837
!MESSAGE SUCCESS [-1]

!ENTRY org.jkiss.dbeaver.model 1 294 2025-08-28 19:19:50.261
!MESSAGE SELECT 
	country,
	COUNT(DISTINCT reactor_type) AS diverse_country,
	reactor_type pe
FROM
	operational_reactors
GROUP BY
	country
ORDER BY
	diverse_country DESC

!SUBENTRY 1 org.jkiss.dbeaver.model 4 0 2025-08-28 19:19:50.262
!MESSAGE ERROR: column "operational_reactors.reactor_type" must appear in the GROUP BY clause or be used in an aggregate function
  Position: 73

!ENTRY org.jkiss.dbeaver.model 1 296 2025-08-28 19:19:55.008
!MESSAGE SELECT 
	country,
	COUNT(DISTINCT reactor_type) AS diverse_country
FROM
	operational_reactors
GROUP BY
	country
ORDER BY
	diverse_country DESC

!SUBENTRY 1 org.jkiss.dbeaver.model 1 0 2025-08-28 19:19:55.076
!MESSAGE SUCCESS [-1]

!ENTRY org.jkiss.dbeaver.model 1 329 2025-08-28 19:21:44.085
!MESSAGE SELECT
	reactor_type,
	country,
	model
FROM
	operational_reactors
!SUBENTRY 1 org.jkiss.dbeaver.model 1 0 2025-08-28 19:21:44.142
!MESSAGE SUCCESS [-1]

!ENTRY org.jkiss.dbeaver.model 1 331 2025-08-28 19:22:10.199
!MESSAGE SELECT
	reactor_type,
	country,
	COUNT(model) AS model_type
FROM
	operational_reactors
!SUBENTRY 1 org.jkiss.dbeaver.model 4 0 2025-08-28 19:22:10.200
!MESSAGE ERROR: column "operational_reactors.reactor_type" must appear in the GROUP BY clause or be used in an aggregate function
  Position: 10

!ENTRY org.jkiss.dbeaver.model 1 333 2025-08-28 19:22:26.181
!MESSAGE SELECT
	reactor_type,
	country,
	COUNT(model) AS model_type
FROM
	operational_reactors
GROUP BY
	reactor_type,
	country
!SUBENTRY 1 org.jkiss.dbeaver.model 1 0 2025-08-28 19:22:26.270
!MESSAGE SUCCESS [-1]

!ENTRY org.jkiss.dbeaver.model 1 335 2025-08-28 19:22:56.093
!MESSAGE SELECT
	reactor_type,
	country,
	COUNT(model) AS model_type
FROM
	operational_reactors
GROUP BY
	reactor_type,
	country
ORDER BY
	model_type DESC
!SUBENTRY 1 org.jkiss.dbeaver.model 1 0 2025-08-28 19:22:56.115
!MESSAGE SUCCESS [-1]

!ENTRY org.jkiss.dbeaver.model 1 337 2025-08-28 19:23:06.573
!MESSAGE SELECT
	reactor_type,
	country,
	COUNT(model) AS model_type,
	model
FROM
	operational_reactors
GROUP BY
	reactor_type,
	country
ORDER BY
	model_type DESC
!SUBENTRY 1 org.jkiss.dbeaver.model 4 0 2025-08-28 19:23:06.574
!MESSAGE ERROR: column "operational_reactors.model" must appear in the GROUP BY clause or be used in an aggregate function
  Position: 67

!ENTRY org.jkiss.dbeaver.model 1 339 2025-08-28 19:23:13.749
!MESSAGE SELECT
	reactor_type,
	country,
	COUNT(model) AS model_type,
	model
FROM
	operational_reactors
GROUP BY
	reactor_type,
	country,
	model
ORDER BY
	model_type DESC
!SUBENTRY 1 org.jkiss.dbeaver.model 1 0 2025-08-28 19:23:13.829
!MESSAGE SUCCESS [-1]

!ENTRY org.jkiss.dbeaver.model 1 341 2025-08-28 19:23:37.614
!MESSAGE SELECT
	reactor_type,
	COUNT(model) AS model_type,
	model
FROM
	operational_reactors
GROUP BY
	reactor_type,
	model
ORDER BY
	model_type DESC
!SUBENTRY 1 org.jkiss.dbeaver.model 1 0 2025-08-28 19:23:37.645
!MESSAGE SUCCESS [-1]

!ENTRY org.jkiss.dbeaver.model 1 343 2025-08-28 19:41:49.663
!MESSAGE COUNT(model) AS model_type,
	model
FROM
	operational_reactors
GROUP BY
!SUBENTRY 1 org.jkiss.dbeaver.model 4 0 2025-08-28 19:41:49.663
!MESSAGE ERROR: syntax error at or near "COUNT"
  Position: 1

!ENTRY org.jkiss.dbeaver.model 1 345 2025-08-28 19:42:03.461
!MESSAGE SELECT
	COUNT(model) AS model_type,
	model
FROM
	operational_reactors
GROUP BY
!SUBENTRY 1 org.jkiss.dbeaver.model 4 0 2025-08-28 19:42:03.462
!MESSAGE ERROR: syntax error at end of input
  Position: 84

!ENTRY org.jkiss.dbeaver.model 1 347 2025-08-28 19:42:07.604
!MESSAGE SELECT
	COUNT(model) AS model_type,
	model
FROM
	operational_reactors
GROUP BY
	model
ORDER BY
	model_type DESC
!SUBENTRY 1 org.jkiss.dbeaver.model 1 0 2025-08-28 19:42:07.682
!MESSAGE SUCCESS [-1]

!ENTRY org.jkiss.dbeaver.model 1 349 2025-08-28 19:42:58.039
!MESSAGE SELECT
	reactor_type,
	COUNT(model) AS model_type,
	model
FROM
	operational_reactors
GROUP BY
	reactor_type,
	model
ORDER BY
	model_type DESC
!SUBENTRY 1 org.jkiss.dbeaver.model 1 0 2025-08-28 19:42:58.068
!MESSAGE SUCCESS [-1]

!ENTRY org.jkiss.dbeaver.model 1 358 2025-08-28 19:44:50.667
!MESSAGE SELECT
	supplier_id,
	operator_id,
	model
FROM
	operational_reactors
!SUBENTRY 1 org.jkiss.dbeaver.model 1 0 2025-08-28 19:44:50.740
!MESSAGE SUCCESS [-1]

!ENTRY org.jkiss.dbeaver.model 1 500 2025-08-28 19:47:07.608
!MESSAGE SELECT
	supplier_id,
	operator_id,
	model
FROM
	operational_reactors AS onr
JOIN
	nsss_suppliers AS ns ON onr.id = ns.id
JOIN
	operators AS op ON ns.id = op.id
	
!SUBENTRY 1 org.jkiss.dbeaver.model 1 0 2025-08-28 19:47:07.615
!MESSAGE SUCCESS [-1]

!ENTRY org.jkiss.dbeaver.model 1 502 2025-08-28 19:47:09.207
!MESSAGE SELECT
	supplier_id,
	operator_id,
	model
FROM
	operational_reactors AS onr
JOIN
	nsss_suppliers AS ns ON onr.id = ns.id
JOIN
	operators AS op ON ns.id = op.id
	
!SUBENTRY 1 org.jkiss.dbeaver.model 1 0 2025-08-28 19:47:09.230
!MESSAGE SUCCESS [-1]

!ENTRY org.jkiss.dbeaver.model 1 504 2025-08-28 19:47:09.559
!MESSAGE SELECT
	supplier_id,
	operator_id,
	model
FROM
	operational_reactors AS onr
JOIN
	nsss_suppliers AS ns ON onr.id = ns.id
JOIN
	operators AS op ON ns.id = op.id
	
!SUBENTRY 1 org.jkiss.dbeaver.model 1 0 2025-08-28 19:47:09.583
!MESSAGE SUCCESS [-1]

!ENTRY org.jkiss.dbeaver.model 1 506 2025-08-28 19:47:09.726
!MESSAGE SELECT
	supplier_id,
	operator_id,
	model
FROM
	operational_reactors AS onr
JOIN
	nsss_suppliers AS ns ON onr.id = ns.id
JOIN
	operators AS op ON ns.id = op.id
	
!SUBENTRY 1 org.jkiss.dbeaver.model 1 0 2025-08-28 19:47:09.748
!MESSAGE SUCCESS [-1]

!ENTRY org.jkiss.dbeaver.model 1 508 2025-08-28 19:47:09.878
!MESSAGE SELECT
	supplier_id,
	operator_id,
	model
FROM
	operational_reactors AS onr
JOIN
	nsss_suppliers AS ns ON onr.id = ns.id
JOIN
	operators AS op ON ns.id = op.id
	
!SUBENTRY 1 org.jkiss.dbeaver.model 1 0 2025-08-28 19:47:09.900
!MESSAGE SUCCESS [-1]

!ENTRY org.jkiss.dbeaver.model 1 510 2025-08-28 19:47:10.039
!MESSAGE SELECT
	supplier_id,
	operator_id,
	model
FROM
	operational_reactors AS onr
JOIN
	nsss_suppliers AS ns ON onr.id = ns.id
JOIN
	operators AS op ON ns.id = op.id
	
!SUBENTRY 1 org.jkiss.dbeaver.model 1 0 2025-08-28 19:47:10.069
!MESSAGE SUCCESS [-1]

!ENTRY org.jkiss.dbeaver.model 1 512 2025-08-28 19:47:10.190
!MESSAGE SELECT
	supplier_id,
	operator_id,
	model
FROM
	operational_reactors AS onr
JOIN
	nsss_suppliers AS ns ON onr.id = ns.id
JOIN
	operators AS op ON ns.id = op.id
	
!SUBENTRY 1 org.jkiss.dbeaver.model 1 0 2025-08-28 19:47:10.259
!MESSAGE SUCCESS [-1]

!ENTRY org.jkiss.dbeaver.model 1 514 2025-08-28 19:47:50.992
!MESSAGE SELECT
	onr.supplier_id,
	onr.operator_id,
	onr.model,
	ns.full_name,
	op.full_name
FROM
	operational_reactors AS onr
JOIN
	nsss_suppliers AS ns ON onr.id = ns.id
JOIN
	operators AS op ON ns.id = op.id
	
!SUBENTRY 1 org.jkiss.dbeaver.model 1 0 2025-08-28 19:47:51.020
!MESSAGE SUCCESS [-1]

!ENTRY org.jkiss.dbeaver.model 1 520 2025-08-28 19:48:13.704
!MESSAGE SELECT
	onr.supplier_id,
	onr.operator_id,
	onr.model,
	ns.full_name AS sup_name,
	op.full_name AS op_name
FROM
	operational_reactors AS onr
JOIN
	nsss_suppliers AS ns ON onr.id = ns.id
JOIN
	operators AS op ON ns.id = op.id
	
!SUBENTRY 1 org.jkiss.dbeaver.model 1 0 2025-08-28 19:48:13.730
!MESSAGE SUCCESS [-1]

!ENTRY org.jkiss.dbeaver.model 1 522 2025-08-28 19:49:08.783
!MESSAGE SELECT
	onr.supplier_id,
	onr.operator_id,
	onr.model,
	ns.full_name AS sup_name,
	op.full_name AS op_name
FROM
	operational_reactors AS onr
JOIN
	nsss_suppliers AS ns ON onr.id = ns.id
JOIN
	operators AS op ON ns.id = op.id
GROUP BY
	op_name
!SUBENTRY 1 org.jkiss.dbeaver.model 4 0 2025-08-28 19:49:08.784
!MESSAGE ERROR: column "onr.supplier_id" must appear in the GROUP BY clause or be used in an aggregate function
  Position: 10

!ENTRY org.jkiss.dbeaver.model 1 524 2025-08-28 19:49:36.958
!MESSAGE SELECT
	onr.supplier_id,
	onr.operator_id,
	onr.model,
	ns.full_name AS sup_name,
	op.full_name AS op_name
FROM
	operational_reactors AS onr
JOIN
	nsss_suppliers AS ns ON onr.id = ns.id
JOIN
	operators AS op ON ns.id = op.id
	
!SUBENTRY 1 org.jkiss.dbeaver.model 1 0 2025-08-28 19:49:36.959
!MESSAGE SUCCESS [-1]

!ENTRY org.jkiss.dbeaver.model 1 526 2025-08-28 19:51:58.393
!MESSAGE SELECT
	onr.supplier_id,
	onr.operator_id,
	onr.model,
	ns.full_name AS sup_name,
	op.full_name AS op_name
FROM
	operational_reactors AS onr
JOIN
	nsss_suppliers AS ns ON onr.id = ns.id
JOIN
	operators AS op ON ns.id = op.id
GROUP BY
	ns.full_name AS sup_name,
	op.full_name AS op_name
!SUBENTRY 1 org.jkiss.dbeaver.model 4 0 2025-08-28 19:51:58.394
!MESSAGE ERROR: syntax error at or near "AS"
  Position: 262

!ENTRY org.jkiss.dbeaver.model 1 528 2025-08-28 19:52:10.693
!MESSAGE SELECT
	onr.supplier_id,
	onr.operator_id,
	onr.model,
	ns.full_name AS sup_name,
	op.full_name AS op_name
FROM
	operational_reactors AS onr
JOIN
	nsss_suppliers AS ns ON onr.id = ns.id
JOIN
	operators AS op ON ns.id = op.id
GROUP BY
	sup_name,
	op_name
!SUBENTRY 1 org.jkiss.dbeaver.model 4 0 2025-08-28 19:52:10.694
!MESSAGE ERROR: column "onr.supplier_id" must appear in the GROUP BY clause or be used in an aggregate function
  Position: 10

!ENTRY org.jkiss.dbeaver.model 1 530 2025-08-28 19:52:44.463
!MESSAGE SELECT
	onr.supplier_id,
	onr.operator_id,
	onr.model,
	ns.full_name AS sup_name,
	op.full_name AS op_name
FROM
	operational_reactors AS onr
JOIN
	nsss_suppliers AS ns ON onr.id = ns.id
JOIN
	operators AS op ON ns.id = op.id

!SUBENTRY 1 org.jkiss.dbeaver.model 1 0 2025-08-28 19:52:44.551
!MESSAGE SUCCESS [-1]

!ENTRY org.jkiss.dbeaver.model 1 532 2025-08-28 19:53:53.599
!MESSAGE SELECT
	COUNT(*)
	ns.full_name AS sup_name,
	op.full_name AS op_name
FROM
	operational_reactors AS onr
JOIN
	nsss_suppliers AS ns ON onr.id = ns.id
JOIN
	operators AS op ON ns.id = op.id

!SUBENTRY 1 org.jkiss.dbeaver.model 4 0 2025-08-28 19:53:53.599
!MESSAGE ERROR: syntax error at or near "."
  Position: 23

!ENTRY org.jkiss.dbeaver.model 1 534 2025-08-28 19:54:03.102
!MESSAGE SELECT
	COUNT(*) AS pairing_count,
	ns.full_name AS sup_name,
	op.full_name AS op_name
FROM
	operational_reactors AS onr
JOIN
	nsss_suppliers AS ns ON onr.id = ns.id
JOIN
	operators AS op ON ns.id = op.id

!SUBENTRY 1 org.jkiss.dbeaver.model 4 0 2025-08-28 19:54:03.103
!MESSAGE ERROR: column "ns.full_name" must appear in the GROUP BY clause or be used in an aggregate function
  Position: 39

!ENTRY org.jkiss.dbeaver.model 1 536 2025-08-28 19:54:04.108
!MESSAGE SELECT
	COUNT(*) AS pairing_count,
	ns.full_name AS sup_name,
	op.full_name AS op_name
FROM
	operational_reactors AS onr
JOIN
	nsss_suppliers AS ns ON onr.id = ns.id
JOIN
	operators AS op ON ns.id = op.id

!SUBENTRY 1 org.jkiss.dbeaver.model 4 0 2025-08-28 19:54:04.110
!MESSAGE ERROR: column "ns.full_name" must appear in the GROUP BY clause or be used in an aggregate function
  Position: 39

!ENTRY org.jkiss.dbeaver.model 1 538 2025-08-28 19:54:04.278
!MESSAGE SELECT
	COUNT(*) AS pairing_count,
	ns.full_name AS sup_name,
	op.full_name AS op_name
FROM
	operational_reactors AS onr
JOIN
	nsss_suppliers AS ns ON onr.id = ns.id
JOIN
	operators AS op ON ns.id = op.id

!SUBENTRY 1 org.jkiss.dbeaver.model 4 0 2025-08-28 19:54:04.278
!MESSAGE ERROR: column "ns.full_name" must appear in the GROUP BY clause or be used in an aggregate function
  Position: 39

!ENTRY org.jkiss.dbeaver.model 1 540 2025-08-28 19:54:04.471
!MESSAGE SELECT
	COUNT(*) AS pairing_count,
	ns.full_name AS sup_name,
	op.full_name AS op_name
FROM
	operational_reactors AS onr
JOIN
	nsss_suppliers AS ns ON onr.id = ns.id
JOIN
	operators AS op ON ns.id = op.id

!SUBENTRY 1 org.jkiss.dbeaver.model 4 0 2025-08-28 19:54:04.472
!MESSAGE ERROR: column "ns.full_name" must appear in the GROUP BY clause or be used in an aggregate function
  Position: 39

!ENTRY org.jkiss.dbeaver.model 1 542 2025-08-28 19:54:04.649
!MESSAGE SELECT
	COUNT(*) AS pairing_count,
	ns.full_name AS sup_name,
	op.full_name AS op_name
FROM
	operational_reactors AS onr
JOIN
	nsss_suppliers AS ns ON onr.id = ns.id
JOIN
	operators AS op ON ns.id = op.id

!SUBENTRY 1 org.jkiss.dbeaver.model 4 0 2025-08-28 19:54:04.650
!MESSAGE ERROR: column "ns.full_name" must appear in the GROUP BY clause or be used in an aggregate function
  Position: 39

!ENTRY org.jkiss.dbeaver.model 1 544 2025-08-28 19:54:27.821
!MESSAGE SELECT
	COUNT(*) AS pairing_count,
	ns.full_name AS sup_name,
	op.full_name AS op_name
FROM
	operational_reactors AS onr
JOIN
	nsss_suppliers AS ns ON onr.id = ns.id
JOIN
	operators AS op ON ns.id = op.id
GROUP BY
	sup_name,
	op_name
!SUBENTRY 1 org.jkiss.dbeaver.model 1 0 2025-08-28 19:54:27.892
!MESSAGE SUCCESS [-1]

!ENTRY org.jkiss.dbeaver.model 1 546 2025-08-28 19:54:40.559
!MESSAGE SELECT
	COUNT(*) AS pairing_count,
	ns.full_name AS sup_name,
	op.full_name AS op_name
FROM
	operational_reactors AS onr
JOIN
	nsss_suppliers AS ns ON onr.id = ns.id
JOIN
	operators AS op ON onr.id = op.id
GROUP BY
	sup_name,
	op_name
!SUBENTRY 1 org.jkiss.dbeaver.model 1 0 2025-08-28 19:54:40.579
!MESSAGE SUCCESS [-1]

!ENTRY org.jkiss.dbeaver.model 1 548 2025-08-28 19:54:41.439
!MESSAGE SELECT
	COUNT(*) AS pairing_count,
	ns.full_name AS sup_name,
	op.full_name AS op_name
FROM
	operational_reactors AS onr
JOIN
	nsss_suppliers AS ns ON onr.id = ns.id
JOIN
	operators AS op ON onr.id = op.id
GROUP BY
	sup_name,
	op_name
!SUBENTRY 1 org.jkiss.dbeaver.model 1 0 2025-08-28 19:54:41.463
!MESSAGE SUCCESS [-1]

!ENTRY org.jkiss.dbeaver.model 1 550 2025-08-28 19:54:41.615
!MESSAGE SELECT
	COUNT(*) AS pairing_count,
	ns.full_name AS sup_name,
	op.full_name AS op_name
FROM
	operational_reactors AS onr
JOIN
	nsss_suppliers AS ns ON onr.id = ns.id
JOIN
	operators AS op ON onr.id = op.id
GROUP BY
	sup_name,
	op_name
!SUBENTRY 1 org.jkiss.dbeaver.model 1 0 2025-08-28 19:54:41.635
!MESSAGE SUCCESS [-1]

!ENTRY org.jkiss.dbeaver.model 1 552 2025-08-28 19:54:41.798
!MESSAGE SELECT
	COUNT(*) AS pairing_count,
	ns.full_name AS sup_name,
	op.full_name AS op_name
FROM
	operational_reactors AS onr
JOIN
	nsss_suppliers AS ns ON onr.id = ns.id
JOIN
	operators AS op ON onr.id = op.id
GROUP BY
	sup_name,
	op_name
!SUBENTRY 1 org.jkiss.dbeaver.model 1 0 2025-08-28 19:54:41.818
!MESSAGE SUCCESS [-1]

!ENTRY org.jkiss.dbeaver.model 1 554 2025-08-28 19:55:26.134
!MESSAGE SELECT
	COUNT(*) AS pairing_count,
	ns.full_name AS sup_name,
	op.full_name AS op_name
FROM
	operational_reactors AS onr
JOIN
	nsss_suppliers AS ns ON onr.id = ns.id
JOIN
	operators AS op ON onr.id = op.id
GROUP BY
	sup_name,
	op_name
ORDER BY
	pairing_count DESC
!SUBENTRY 1 org.jkiss.dbeaver.model 1 0 2025-08-28 19:55:26.291
!MESSAGE SUCCESS [-1]

!ENTRY org.jkiss.dbeaver.model 1 556 2025-08-28 19:55:26.232
!MESSAGE SELECT
	COUNT(*) AS pairing_count,
	ns.full_name AS sup_name,
	op.full_name AS op_name
FROM
	operational_reactors AS onr
JOIN
	nsss_suppliers AS ns ON onr.id = ns.id
JOIN
	operators AS op ON onr.id = op.id
GROUP BY
	sup_name,
	op_name
ORDER BY
	pairing_count DESC
!SUBENTRY 1 org.jkiss.dbeaver.model 1 0 2025-08-28 19:55:26.345
!MESSAGE SUCCESS [-1]

!ENTRY org.jkiss.dbeaver.model 1 558 2025-08-28 19:55:28.183
!MESSAGE SELECT
	COUNT(*) AS pairing_count,
	ns.full_name AS sup_name,
	op.full_name AS op_name
FROM
	operational_reactors AS onr
JOIN
	nsss_suppliers AS ns ON onr.id = ns.id
JOIN
	operators AS op ON onr.id = op.id
GROUP BY
	sup_name,
	op_name
ORDER BY
	pairing_count DESC
!SUBENTRY 1 org.jkiss.dbeaver.model 1 0 2025-08-28 19:55:28.209
!MESSAGE SUCCESS [-1]

!ENTRY org.jkiss.dbeaver.model 1 560 2025-08-28 19:55:28.998
!MESSAGE SELECT
	COUNT(*) AS pairing_count,
	ns.full_name AS sup_name,
	op.full_name AS op_name
FROM
	operational_reactors AS onr
JOIN
	nsss_suppliers AS ns ON onr.id = ns.id
JOIN
	operators AS op ON onr.id = op.id
GROUP BY
	sup_name,
	op_name
ORDER BY
	pairing_count DESC
!SUBENTRY 1 org.jkiss.dbeaver.model 1 0 2025-08-28 19:55:29.019
!MESSAGE SUCCESS [-1]

!ENTRY org.jkiss.dbeaver.model 1 562 2025-08-28 19:55:29.152
!MESSAGE SELECT
	COUNT(*) AS pairing_count,
	ns.full_name AS sup_name,
	op.full_name AS op_name
FROM
	operational_reactors AS onr
JOIN
	nsss_suppliers AS ns ON onr.id = ns.id
JOIN
	operators AS op ON onr.id = op.id
GROUP BY
	sup_name,
	op_name
ORDER BY
	pairing_count DESC
!SUBENTRY 1 org.jkiss.dbeaver.model 1 0 2025-08-28 19:55:29.153
!MESSAGE SUCCESS [-1]

!ENTRY org.jkiss.dbeaver.model 1 564 2025-08-28 19:55:29.295
!MESSAGE SELECT
	COUNT(*) AS pairing_count,
	ns.full_name AS sup_name,
	op.full_name AS op_name
FROM
	operational_reactors AS onr
JOIN
	nsss_suppliers AS ns ON onr.id = ns.id
JOIN
	operators AS op ON onr.id = op.id
GROUP BY
	sup_name,
	op_name
ORDER BY
	pairing_count DESC
!SUBENTRY 1 org.jkiss.dbeaver.model 1 0 2025-08-28 19:55:29.322
!MESSAGE SUCCESS [-1]

!ENTRY org.jkiss.dbeaver.model 1 566 2025-08-28 19:56:03.527
!MESSAGE 	
SELECT
    o.full_name AS operator,
    s.full_name AS supplier,
    COUNT(*) AS pairing_count
FROM
    operational_reactors AS op
JOIN
    operators AS o ON op.operator_id = o.id
JOIN
    nsss_suppliers AS s ON op.supplier_id = s.id
GROUP BY
    o.full_name, s.full_name
ORDER BY
    pairing_count DESC

!SUBENTRY 1 org.jkiss.dbeaver.model 1 0 2025-08-28 19:56:03.557
!MESSAGE SUCCESS [-1]

!ENTRY org.jkiss.dbeaver.model 1 568 2025-08-28 19:57:00.647
!MESSAGE SELECT
	COUNT(*) AS pairing_count,
	ns.full_name AS sup_name,
	op.full_name AS op_name
FROM
	operational_reactors AS onr
JOIN
	nsss_suppliers AS ns ON onr.supplier_id = ns.id
JOIN
	operators AS op ON onr.id = operator.id
GROUP BY
	sup_name,
	op_name
ORDER BY
	pairing_count DESC
!SUBENTRY 1 org.jkiss.dbeaver.model 4 0 2025-08-28 19:57:00.648
!MESSAGE ERROR: missing FROM-clause entry for table "operator"
  Position: 219

!ENTRY org.jkiss.dbeaver.model 1 570 2025-08-28 19:57:21.405
!MESSAGE SELECT
	COUNT(*) AS pairing_count,
	ns.full_name AS sup_name,
	op.full_name AS op_name
FROM
	operational_reactors AS onr
JOIN
	nsss_suppliers AS ns ON onr.supplier_id = ns.id
JOIN
	operators AS op ON onr.OPERATOR_id = op.id
GROUP BY
	sup_name,
	op_name
ORDER BY
	pairing_count DESC
!SUBENTRY 1 org.jkiss.dbeaver.model 1 0 2025-08-28 19:57:21.406
!MESSAGE SUCCESS [-1]

!ENTRY org.jkiss.dbeaver.model 1 572 2025-08-28 19:58:18.414
!MESSAGE SELECT 
	country,
	COUNT(DISTINCT reactor_type) AS diverse_country,
	reactor_type
FROM
	operational_reactors
GROUP BY
	country
ORDER BY
	diverse_country DESC

!SUBENTRY 1 org.jkiss.dbeaver.model 4 0 2025-08-28 19:58:18.415
!MESSAGE ERROR: column "operational_reactors.reactor_type" must appear in the GROUP BY clause or be used in an aggregate function
  Position: 73

!ENTRY org.jkiss.dbeaver.model 1 574 2025-08-28 19:58:27.374
!MESSAGE SELECT 
	country,
	COUNT(DISTINCT reactor_type) AS diverse_country,
	reactor_type
FROM
	operational_reactors
GROUP BY
	country
ORDER BY
	reactor_type
	diverse_country DESC

!SUBENTRY 1 org.jkiss.dbeaver.model 4 0 2025-08-28 19:58:27.374
!MESSAGE ERROR: syntax error at or near "diverse_country"
  Position: 162

!ENTRY org.jkiss.dbeaver.model 1 576 2025-08-28 19:58:32.582
!MESSAGE SELECT 
	country,
	COUNT(DISTINCT reactor_type) AS diverse_country,
	reactor_type
FROM
	operational_reactors
GROUP BY
	country
ORDER BY
	reactor_type,
	diverse_country DESC

!SUBENTRY 1 org.jkiss.dbeaver.model 4 0 2025-08-28 19:58:32.582
!MESSAGE ERROR: column "operational_reactors.reactor_type" must appear in the GROUP BY clause or be used in an aggregate function
  Position: 73

!ENTRY org.jkiss.dbeaver.model 1 578 2025-08-28 19:58:51.445
!MESSAGE SELECT 
	country,
	COUNT(DISTINCT reactor_type) AS diverse_country,
	reactor_type
FROM
	operational_reactors
GROUP BY
	reactor_type,
	country
ORDER BY
	diverse_country DESC

!SUBENTRY 1 org.jkiss.dbeaver.model 1 0 2025-08-28 19:58:51.531
!MESSAGE SUCCESS [-1]

!ENTRY org.jkiss.dbeaver.model 1 580 2025-08-28 19:59:00.503
!MESSAGE SELECT 
	country,
	COUNT(DISTINCT reactor_type) AS diverse_country
FROM
	operational_reactors
GROUP BY
	country
ORDER BY
	diverse_country DESC

!SUBENTRY 1 org.jkiss.dbeaver.model 1 0 2025-08-28 19:59:00.530
!MESSAGE SUCCESS [-1]

!ENTRY org.jkiss.dbeaver.model 0 588 2025-08-28 19:59:16.075
!MESSAGE COMMIT

!ENTRY org.jkiss.dbeaver.model 0 599 2025-08-28 19:59:39.533
!MESSAGE COMMIT

!ENTRY org.jkiss.dbeaver.model 0 610 2025-08-28 20:03:02.095
!MESSAGE COMMIT

!ENTRY org.jkiss.dbeaver.model 1 615 2025-08-28 20:03:57.032
!MESSAGE SELECT
	COUNT(*) AS pairing_count,
	ns.full_name AS sup_name,
	op.full_name AS op_name,
	onr.country
FROM
	operational_reactors AS onr
JOIN
	nsss_suppliers AS ns ON onr.supplier_id = ns.id
JOIN
	operators AS op ON onr.OPERATOR_id = op.id
GROUP BY
	sup_name,
	op_name,
	onr.country
ORDER BY
	pairing_count DESC
!SUBENTRY 1 org.jkiss.dbeaver.model 1 0 2025-08-28 20:03:57.060
!MESSAGE SUCCESS [-1]

!ENTRY org.jkiss.dbeaver.model 1 617 2025-08-28 20:09:20.126
!MESSAGE SELECT 
	country,
	COUNT(DISTINCT reactor_type) AS diverse_country
FROM
	operational_reactors
GROUP BY
	country
ORDER BY
	diverse_country DESC

!SUBENTRY 1 org.jkiss.dbeaver.model 1 0 2025-08-28 20:09:20.154
!MESSAGE SUCCESS [-1]

!ENTRY org.jkiss.dbeaver.model 1 625 2025-08-28 20:17:33.163
!MESSAGE SELECT dr.* FROM public.decommissioned_reactors AS dr
!SUBENTRY 1 org.jkiss.dbeaver.model 1 0 2025-08-28 20:17:33.167
!MESSAGE SUCCESS [-1]

!ENTRY org.jkiss.dbeaver.model 1 629 2025-08-28 20:17:39.098
!MESSAGE SELECT ags.* FROM public.annual_global_summary AS ags
!SUBENTRY 1 org.jkiss.dbeaver.model 1 0 2025-08-28 20:17:39.102
!MESSAGE SUCCESS [-1]

!ENTRY org.jkiss.dbeaver.model 1 633 2025-08-28 20:17:48.472
!MESSAGE SELECT os.* FROM public.outage_statistics_2023 AS os
!SUBENTRY 1 org.jkiss.dbeaver.model 1 0 2025-08-28 20:17:48.476
!MESSAGE SUCCESS [-1]

!ENTRY org.jkiss.dbeaver.model 1 637 2025-08-28 20:18:02.650
!MESSAGE SELECT rt.* FROM public.reactor_types AS rt
!SUBENTRY 1 org.jkiss.dbeaver.model 1 0 2025-08-28 20:18:02.654
!MESSAGE SUCCESS [-1]

!ENTRY org.jkiss.dbeaver.model 1 641 2025-08-28 20:18:05.000
!MESSAGE SELECT o.* FROM public.operators AS o
!SUBENTRY 1 org.jkiss.dbeaver.model 1 0 2025-08-28 20:18:05.002
!MESSAGE SUCCESS [-1]

!ENTRY org.jkiss.dbeaver.model 1 643 2025-08-28 20:18:26.889
!MESSAGE SELECT sr.* FROM public.shutdown_reasons AS sr
!SUBENTRY 1 org.jkiss.dbeaver.model 1 0 2025-08-28 20:18:26.892
!MESSAGE SUCCESS [-1]

!ENTRY org.jkiss.dbeaver.model 1 647 2025-08-28 20:18:30.319
!MESSAGE SELECT fi.* FROM public.fuel_info AS fi
!SUBENTRY 1 org.jkiss.dbeaver.model 1 0 2025-08-28 20:18:30.323
!MESSAGE SUCCESS [-1]

